[ 2018-09-13T09:07:01+08:00 ] 127.0.0.1 /admin.php/Admin
INFO: [ app_init ] --START--
INFO: Run Behavior\BuildLiteBehavior [ RunTime:0.000011s ]
INFO: [ app_init ] --END-- [ RunTime:0.009269s ]
INFO: [ app_begin ] --START--
INFO: Run Behavior\ReadHtmlCacheBehavior [ RunTime:0.011323s ]
INFO: [ app_begin ] --END-- [ RunTime:0.011366s ]
INFO: [ view_parse ] --START--
INFO: [ template_filter ] --START--
INFO: Run Behavior\ContentReplaceBehavior [ RunTime:0.000039s ]
INFO: [ template_filter ] --END-- [ RunTime:0.000081s ]
NOTIC: [2] Invalid argument supplied for foreach() D:\phpstudy\PHPTutorial\WWW\hong\Admin\Runtime\Cache\Admin\a52f4eada307bc4f391d9be19e0cc6bc.php 第 59 行.
INFO: Run Behavior\ParseTemplateBehavior [ RunTime:0.111315s ]
INFO: [ view_parse ] --END-- [ RunTime:0.111367s ]
INFO: [ view_filter ] --START--
INFO: Run Behavior\WriteHtmlCacheBehavior [ RunTime:0.012739s ]
INFO: [ view_filter ] --END-- [ RunTime:0.012786s ]
INFO: [ app_end ] --START--
INFO: Run Behavior\ShowPageTraceBehavior [ RunTime:0.008551s ]
INFO: [ app_end ] --END-- [ RunTime:0.008651s ]

[ 2018-09-13T09:07:02+08:00 ] 127.0.0.1 /admin.php/Admin/Index/mainin.html
INFO: [ app_init ] --START--
INFO: Run Behavior\BuildLiteBehavior [ RunTime:0.000009s ]
INFO: [ app_init ] --END-- [ RunTime:0.000234s ]
INFO: [ app_begin ] --START--
INFO: Run Behavior\ReadHtmlCacheBehavior [ RunTime:0.000294s ]
INFO: [ app_begin ] --END-- [ RunTime:0.000334s ]
SQL: SHOW COLUMNS FROM `t_systembonus` [ RunTime:0.0138s ]
SQL: SELECT * FROM `t_systembonus` WHERE `id` = 1 LIMIT 1   [ RunTime:0.0002s ]
SQL: SHOW COLUMNS FROM `t_kzhi` [ RunTime:0.0127s ]
SQL: SELECT * FROM `t_kzhi` WHERE `time` = '2018-09-13' LIMIT 1   [ RunTime:0.0002s ]
INFO: [ view_parse ] --START--
INFO: [ template_filter ] --START--
INFO: Run Behavior\ContentReplaceBehavior [ RunTime:0.000041s ]
INFO: [ template_filter ] --END-- [ RunTime:0.000073s ]
INFO: Run Behavior\ParseTemplateBehavior [ RunTime:0.037829s ]
INFO: [ view_parse ] --END-- [ RunTime:0.037868s ]
INFO: [ view_filter ] --START--
INFO: Run Behavior\WriteHtmlCacheBehavior [ RunTime:0.000165s ]
INFO: [ view_filter ] --END-- [ RunTime:0.000189s ]
INFO: [ app_end ] --START--
INFO: Run Behavior\ShowPageTraceBehavior [ RunTime:0.000288s ]
INFO: [ app_end ] --END-- [ RunTime:0.000312s ]

[ 2018-09-13T09:07:07+08:00 ] 127.0.0.1 /admin.php/Admin/Login/logout
INFO: [ app_init ] --START--
INFO: Run Behavior\BuildLiteBehavior [ RunTime:0.000009s ]
INFO: [ app_init ] --END-- [ RunTime:0.000229s ]
INFO: [ app_begin ] --START--
INFO: Run Behavior\ReadHtmlCacheBehavior [ RunTime:0.000269s ]
INFO: [ app_begin ] --END-- [ RunTime:0.000301s ]
NOTIC: [2048] Declaration of Admin\Model\AdminModel::cache() should be compatible with Think\Model::cache($key = true, $expire = NULL, $type = '') D:\phpstudy\PHPTutorial\WWW\hong\Admin\Admin\Model\AdminModel.class.php 第 5 行.
SQL: SHOW COLUMNS FROM `t_admin` [ RunTime:0.0126s ]
INFO: [ view_parse ] --START--
INFO: [ template_filter ] --START--
INFO: Run Behavior\ContentReplaceBehavior [ RunTime:0.000025s ]
INFO: [ template_filter ] --END-- [ RunTime:0.000057s ]
INFO: Run Behavior\ParseTemplateBehavior [ RunTime:0.074508s ]
INFO: [ view_parse ] --END-- [ RunTime:0.074549s ]
INFO: [ view_filter ] --START--
INFO: Run Behavior\WriteHtmlCacheBehavior [ RunTime:0.000332s ]
INFO: [ view_filter ] --END-- [ RunTime:0.000377s ]
INFO: [ app_end ] --START--
INFO: Run Behavior\ShowPageTraceBehavior [ RunTime:0.000304s ]
INFO: [ app_end ] --END-- [ RunTime:0.000328s ]

[ 2018-09-13T09:07:08+08:00 ] 127.0.0.1 /admin.php/Admin/Login/login.html
INFO: [ app_init ] --START--
INFO: Run Behavior\BuildLiteBehavior [ RunTime:0.000008s ]
INFO: [ app_init ] --END-- [ RunTime:0.000219s ]
INFO: [ app_begin ] --START--
INFO: Run Behavior\ReadHtmlCacheBehavior [ RunTime:0.000277s ]
INFO: [ app_begin ] --END-- [ RunTime:0.000310s ]
INFO: [ view_parse ] --START--
INFO: [ template_filter ] --START--
INFO: Run Behavior\ContentReplaceBehavior [ RunTime:0.000034s ]
INFO: [ template_filter ] --END-- [ RunTime:0.000069s ]
INFO: Run Behavior\ParseTemplateBehavior [ RunTime:0.014915s ]
INFO: [ view_parse ] --END-- [ RunTime:0.014953s ]
INFO: [ view_filter ] --START--
INFO: Run Behavior\WriteHtmlCacheBehavior [ RunTime:0.000165s ]
INFO: [ view_filter ] --END-- [ RunTime:0.000188s ]
INFO: [ app_end ] --START--
INFO: Run Behavior\ShowPageTraceBehavior [ RunTime:0.000276s ]
INFO: [ app_end ] --END-- [ RunTime:0.000299s ]

[ 2018-09-13T09:07:08+08:00 ] 127.0.0.1 /admin.php/Admin/Login/code
INFO: [ app_init ] --START--
INFO: Run Behavior\BuildLiteBehavior [ RunTime:0.000008s ]
INFO: [ app_init ] --END-- [ RunTime:0.000219s ]
INFO: [ app_begin ] --START--
INFO: Run Behavior\ReadHtmlCacheBehavior [ RunTime:0.000266s ]
INFO: [ app_begin ] --END-- [ RunTime:0.000300s ]
INFO: [ app_end ] --START--
INFO: Run Behavior\ShowPageTraceBehavior [ RunTime:0.000618s ]
INFO: [ app_end ] --END-- [ RunTime:0.000673s ]

[ 2018-09-13T09:07:17+08:00 ] 127.0.0.1 /admin.php/Admin/Login/login.html
INFO: [ app_init ] --START--
INFO: Run Behavior\BuildLiteBehavior [ RunTime:0.000055s ]
INFO: [ app_init ] --END-- [ RunTime:0.001450s ]
INFO: [ app_begin ] --START--
INFO: Run Behavior\ReadHtmlCacheBehavior [ RunTime:0.000285s ]
INFO: [ app_begin ] --END-- [ RunTime:0.000324s ]
NOTIC: [2048] Declaration of Admin\Model\AdminModel::cache() should be compatible with Think\Model::cache($key = true, $expire = NULL, $type = '') D:\phpstudy\PHPTutorial\WWW\hong\Admin\Admin\Model\AdminModel.class.php 第 5 行.
SQL: SHOW COLUMNS FROM `t_admin` [ RunTime:0.0103s ]
NOTIC: [8] Undefined index: validate D:\phpstudy\PHPTutorial\WWW\hong\PHP\Library\Think\Model.class.php 第 1185 行.
INFO: [ view_parse ] --START--
INFO: [ template_filter ] --START--
INFO: Run Behavior\ContentReplaceBehavior [ RunTime:0.000025s ]
INFO: [ template_filter ] --END-- [ RunTime:0.000055s ]
INFO: Run Behavior\ParseTemplateBehavior [ RunTime:0.004110s ]
INFO: [ view_parse ] --END-- [ RunTime:0.004154s ]
INFO: [ view_filter ] --START--
INFO: Run Behavior\WriteHtmlCacheBehavior [ RunTime:0.000159s ]
INFO: [ view_filter ] --END-- [ RunTime:0.000181s ]

[ 2018-09-13T09:07:19+08:00 ] 127.0.0.1 /admin.php/Admin/Login/login.html
INFO: [ app_init ] --START--
INFO: Run Behavior\BuildLiteBehavior [ RunTime:0.000008s ]
INFO: [ app_init ] --END-- [ RunTime:0.000211s ]
INFO: [ app_begin ] --START--
INFO: Run Behavior\ReadHtmlCacheBehavior [ RunTime:0.000308s ]
INFO: [ app_begin ] --END-- [ RunTime:0.000339s ]
INFO: [ view_parse ] --START--
INFO: [ template_filter ] --START--
INFO: Run Behavior\ContentReplaceBehavior [ RunTime:0.000032s ]
INFO: [ template_filter ] --END-- [ RunTime:0.000062s ]
INFO: Run Behavior\ParseTemplateBehavior [ RunTime:0.003827s ]
INFO: [ view_parse ] --END-- [ RunTime:0.003860s ]
INFO: [ view_filter ] --START--
INFO: Run Behavior\WriteHtmlCacheBehavior [ RunTime:0.000142s ]
INFO: [ view_filter ] --END-- [ RunTime:0.000164s ]
INFO: [ app_end ] --START--
INFO: Run Behavior\ShowPageTraceBehavior [ RunTime:0.000276s ]
INFO: [ app_end ] --END-- [ RunTime:0.000301s ]

[ 2018-09-13T09:07:23+08:00 ] 127.0.0.1 /admin.php/Admin/Login/code/0.6265107161744288
INFO: [ app_init ] --START--
INFO: Run Behavior\BuildLiteBehavior [ RunTime:0.000009s ]
INFO: [ app_init ] --END-- [ RunTime:0.000237s ]
INFO: [ app_begin ] --START--
INFO: Run Behavior\ReadHtmlCacheBehavior [ RunTime:0.000288s ]
INFO: [ app_begin ] --END-- [ RunTime:0.000323s ]
INFO: [ app_end ] --START--
INFO: Run Behavior\ShowPageTraceBehavior [ RunTime:0.000373s ]
INFO: [ app_end ] --END-- [ RunTime:0.000419s ]

[ 2018-09-13T09:07:28+08:00 ] 127.0.0.1 /admin.php/Admin/Login/login.html
INFO: [ app_init ] --START--
INFO: Run Behavior\BuildLiteBehavior [ RunTime:0.000009s ]
INFO: [ app_init ] --END-- [ RunTime:0.000253s ]
INFO: [ app_begin ] --START--
INFO: Run Behavior\ReadHtmlCacheBehavior [ RunTime:0.000291s ]
INFO: [ app_begin ] --END-- [ RunTime:0.000324s ]
NOTIC: [2048] Declaration of Admin\Model\AdminModel::cache() should be compatible with Think\Model::cache($key = true, $expire = NULL, $type = '') D:\phpstudy\PHPTutorial\WWW\hong\Admin\Admin\Model\AdminModel.class.php 第 5 行.
SQL: SHOW COLUMNS FROM `t_admin` [ RunTime:0.0099s ]
NOTIC: [8] Undefined index: validate D:\phpstudy\PHPTutorial\WWW\hong\PHP\Library\Think\Model.class.php 第 1185 行.
NOTIC: [8] Undefined index: auto D:\phpstudy\PHPTutorial\WWW\hong\PHP\Library\Think\Model.class.php 第 1128 行.
SQL: SELECT * FROM `t_admin` WHERE ( username='admin' ) LIMIT 1   [ RunTime:0.0003s ]
SQL: SHOW COLUMNS FROM `t_role` [ RunTime:0.0090s ]
SQL: SELECT `pri_id_list` FROM `t_role` WHERE `id` = 1 LIMIT 1   [ RunTime:0.0002s ]
SQL: SHOW COLUMNS FROM `t_privilege` [ RunTime:0.0087s ]
SQL: SELECT * FROM `t_privilege` WHERE ( parent_id=0 )  [ RunTime:0.0002s ]
SQL: SELECT * FROM `t_privilege` WHERE ( parent_id=1 )  [ RunTime:0.0002s ]
SQL: SELECT * FROM `t_privilege` WHERE ( parent_id=12 )  [ RunTime:0.0002s ]
SQL: SELECT * FROM `t_privilege` WHERE ( parent_id=19 )  [ RunTime:0.0001s ]
SQL: SELECT * FROM `t_privilege` WHERE ( parent_id=30 )  [ RunTime:0.0001s ]
SQL: SELECT * FROM `t_privilege` WHERE ( parent_id=59 )  [ RunTime:0.0002s ]
SQL: SELECT * FROM `t_privilege` WHERE ( parent_id=80 )  [ RunTime:0.0002s ]
INFO: [ view_parse ] --START--
INFO: [ template_filter ] --START--
INFO: Run Behavior\ContentReplaceBehavior [ RunTime:0.000025s ]
INFO: [ template_filter ] --END-- [ RunTime:0.000056s ]
INFO: Run Behavior\ParseTemplateBehavior [ RunTime:0.004398s ]
INFO: [ view_parse ] --END-- [ RunTime:0.004436s ]
INFO: [ view_filter ] --START--
INFO: Run Behavior\WriteHtmlCacheBehavior [ RunTime:0.000192s ]
INFO: [ view_filter ] --END-- [ RunTime:0.000214s ]

[ 2018-09-13T09:07:29+08:00 ] 127.0.0.1 /admin.php/Admin/Index/index.html
INFO: [ app_init ] --START--
INFO: Run Behavior\BuildLiteBehavior [ RunTime:0.000008s ]
INFO: [ app_init ] --END-- [ RunTime:0.000214s ]
INFO: [ app_begin ] --START--
INFO: Run Behavior\ReadHtmlCacheBehavior [ RunTime:0.000266s ]
INFO: [ app_begin ] --END-- [ RunTime:0.000299s ]
INFO: [ view_parse ] --START--
INFO: [ template_filter ] --START--
INFO: Run Behavior\ContentReplaceBehavior [ RunTime:0.000031s ]
INFO: [ template_filter ] --END-- [ RunTime:0.000067s ]
INFO: Run Behavior\ParseTemplateBehavior [ RunTime:0.004299s ]
INFO: [ view_parse ] --END-- [ RunTime:0.004330s ]
INFO: [ view_filter ] --START--
INFO: Run Behavior\WriteHtmlCacheBehavior [ RunTime:0.000144s ]
INFO: [ view_filter ] --END-- [ RunTime:0.000166s ]
INFO: [ app_end ] --START--
INFO: Run Behavior\ShowPageTraceBehavior [ RunTime:0.000300s ]
INFO: [ app_end ] --END-- [ RunTime:0.000323s ]

[ 2018-09-13T09:07:31+08:00 ] 127.0.0.1 /admin.php/Admin/Index/mainin.html
INFO: [ app_init ] --START--
INFO: Run Behavior\BuildLiteBehavior [ RunTime:0.000019s ]
INFO: [ app_init ] --END-- [ RunTime:0.001097s ]
INFO: [ app_begin ] --START--
INFO: Run Behavior\ReadHtmlCacheBehavior [ RunTime:0.000458s ]
INFO: [ app_begin ] --END-- [ RunTime:0.000521s ]
SQL: SHOW COLUMNS FROM `t_systembonus` [ RunTime:0.0123s ]
SQL: SELECT * FROM `t_systembonus` WHERE `id` = 1 LIMIT 1   [ RunTime:0.0002s ]
SQL: SHOW COLUMNS FROM `t_kzhi` [ RunTime:0.0077s ]
SQL: SELECT * FROM `t_kzhi` WHERE `time` = '2018-09-13' LIMIT 1   [ RunTime:0.0002s ]
INFO: [ view_parse ] --START--
INFO: [ template_filter ] --START--
INFO: Run Behavior\ContentReplaceBehavior [ RunTime:0.000038s ]
INFO: [ template_filter ] --END-- [ RunTime:0.000069s ]
INFO: Run Behavior\ParseTemplateBehavior [ RunTime:0.004569s ]
INFO: [ view_parse ] --END-- [ RunTime:0.004607s ]
INFO: [ view_filter ] --START--
INFO: Run Behavior\WriteHtmlCacheBehavior [ RunTime:0.000168s ]
INFO: [ view_filter ] --END-- [ RunTime:0.000191s ]
INFO: [ app_end ] --START--
INFO: Run Behavior\ShowPageTraceBehavior [ RunTime:0.000277s ]
INFO: [ app_end ] --END-- [ RunTime:0.000302s ]

[ 2018-09-13T09:07:43+08:00 ] 127.0.0.1 /admin.php/Admin/Member/Genealogy.html
INFO: [ app_init ] --START--
INFO: Run Behavior\BuildLiteBehavior [ RunTime:0.000011s ]
INFO: [ app_init ] --END-- [ RunTime:0.000273s ]
INFO: [ app_begin ] --START--
INFO: Run Behavior\ReadHtmlCacheBehavior [ RunTime:0.000300s ]
INFO: [ app_begin ] --END-- [ RunTime:0.000338s ]
SQL: SHOW COLUMNS FROM `t_member` [ RunTime:0.0160s ]
SQL: SELECT * FROM `t_member` ORDER BY region ASC  [ RunTime:0.0003s ]
INFO: [ view_parse ] --START--
INFO: [ template_filter ] --START--
INFO: Run Behavior\ContentReplaceBehavior [ RunTime:0.000041s ]
INFO: [ template_filter ] --END-- [ RunTime:0.000073s ]
INFO: Run Behavior\ParseTemplateBehavior [ RunTime:0.052684s ]
INFO: [ view_parse ] --END-- [ RunTime:0.052720s ]
INFO: [ view_filter ] --START--
INFO: Run Behavior\WriteHtmlCacheBehavior [ RunTime:0.000165s ]
INFO: [ view_filter ] --END-- [ RunTime:0.000187s ]
INFO: [ app_end ] --START--
INFO: Run Behavior\ShowPageTraceBehavior [ RunTime:0.000274s ]
INFO: [ app_end ] --END-- [ RunTime:0.000296s ]

[ 2018-09-13T09:07:46+08:00 ] 127.0.0.1 /admin.php/Admin/Member/lst.html
INFO: [ app_init ] --START--
INFO: Run Behavior\BuildLiteBehavior [ RunTime:0.000007s ]
INFO: [ app_init ] --END-- [ RunTime:0.000208s ]
INFO: [ app_begin ] --START--
INFO: Run Behavior\ReadHtmlCacheBehavior [ RunTime:0.000254s ]
INFO: [ app_begin ] --END-- [ RunTime:0.000285s ]
SQL: SHOW COLUMNS FROM `t_member` [ RunTime:0.0112s ]
NOTIC: [2] Invalid argument supplied for foreach() D:\phpstudy\PHPTutorial\WWW\hong\PHP\Library\Think\Db\Driver.class.php 第 504 行.
SQL: SELECT COUNT(*) AS tp_count FROM `t_member` LIMIT 1   [ RunTime:0.0002s ]
NOTIC: [2] Invalid argument supplied for foreach() D:\phpstudy\PHPTutorial\WWW\hong\PHP\Library\Think\Db\Driver.class.php 第 504 行.
SQL: SELECT * FROM `t_member` ORDER BY id desc LIMIT 0,20   [ RunTime:0.0004s ]
INFO: [ view_parse ] --START--
INFO: [ template_filter ] --START--
INFO: Run Behavior\ContentReplaceBehavior [ RunTime:0.000043s ]
INFO: [ template_filter ] --END-- [ RunTime:0.000073s ]
INFO: Run Behavior\ParseTemplateBehavior [ RunTime:0.033702s ]
INFO: [ view_parse ] --END-- [ RunTime:0.033737s ]
INFO: [ view_filter ] --START--
INFO: Run Behavior\WriteHtmlCacheBehavior [ RunTime:0.000179s ]
INFO: [ view_filter ] --END-- [ RunTime:0.000201s ]
INFO: [ app_end ] --START--
INFO: Run Behavior\ShowPageTraceBehavior [ RunTime:0.000286s ]
INFO: [ app_end ] --END-- [ RunTime:0.000311s ]

[ 2018-09-13T09:07:46+08:00 ] 127.0.0.1 /admin.php/Admin/Member/Public/Index/css/js/jquery-1.8.2.min.js
INFO: [ app_init ] --START--
INFO: Run Behavior\BuildLiteBehavior [ RunTime:0.000010s ]
INFO: [ app_init ] --END-- [ RunTime:0.000256s ]
INFO: [ app_begin ] --START--
INFO: Run Behavior\ReadHtmlCacheBehavior [ RunTime:0.000292s ]
INFO: [ app_begin ] --END-- [ RunTime:0.000332s ]
ERR: 非法操作:Public

[ 2018-09-13T09:54:34+08:00 ] 127.0.0.1 /admin.php/Admin/Index/index.html
INFO: [ app_init ] --START--
INFO: Run Behavior\BuildLiteBehavior [ RunTime:0.000008s ]
INFO: [ app_init ] --END-- [ RunTime:0.000225s ]
INFO: [ app_begin ] --START--
INFO: Run Behavior\ReadHtmlCacheBehavior [ RunTime:0.000299s ]
INFO: [ app_begin ] --END-- [ RunTime:0.000332s ]
INFO: [ view_parse ] --START--
INFO: [ template_filter ] --START--
INFO: Run Behavior\ContentReplaceBehavior [ RunTime:0.000032s ]
INFO: [ template_filter ] --END-- [ RunTime:0.000060s ]
NOTIC: [2] Invalid argument supplied for foreach() D:\phpstudy\PHPTutorial\WWW\hong\Admin\Runtime\Cache\Admin\a52f4eada307bc4f391d9be19e0cc6bc.php 第 59 行.
INFO: Run Behavior\ParseTemplateBehavior [ RunTime:0.019495s ]
INFO: [ view_parse ] --END-- [ RunTime:0.019531s ]
INFO: [ view_filter ] --START--
INFO: Run Behavior\WriteHtmlCacheBehavior [ RunTime:0.000151s ]
INFO: [ view_filter ] --END-- [ RunTime:0.000172s ]
INFO: [ app_end ] --START--
INFO: Run Behavior\ShowPageTraceBehavior [ RunTime:0.000271s ]
INFO: [ app_end ] --END-- [ RunTime:0.000294s ]

[ 2018-09-13T09:54:36+08:00 ] 127.0.0.1 /admin.php/Admin/Index/mainin.html
INFO: [ app_init ] --START--
INFO: Run Behavior\BuildLiteBehavior [ RunTime:0.000027s ]
INFO: [ app_init ] --END-- [ RunTime:0.000314s ]
INFO: [ app_begin ] --START--
INFO: Run Behavior\ReadHtmlCacheBehavior [ RunTime:0.000313s ]
INFO: [ app_begin ] --END-- [ RunTime:0.000358s ]
SQL: SHOW COLUMNS FROM `t_systembonus` [ RunTime:0.0199s ]
SQL: SELECT * FROM `t_systembonus` WHERE `id` = 1 LIMIT 1   [ RunTime:0.0002s ]
SQL: SHOW COLUMNS FROM `t_kzhi` [ RunTime:0.0084s ]
SQL: SELECT * FROM `t_kzhi` WHERE `time` = '2018-09-13' LIMIT 1   [ RunTime:0.0002s ]
INFO: [ view_parse ] --START--
INFO: [ template_filter ] --START--
INFO: Run Behavior\ContentReplaceBehavior [ RunTime:0.000118s ]
INFO: [ template_filter ] --END-- [ RunTime:0.000234s ]
INFO: Run Behavior\ParseTemplateBehavior [ RunTime:0.017020s ]
INFO: [ view_parse ] --END-- [ RunTime:0.017059s ]
INFO: [ view_filter ] --START--
INFO: Run Behavior\WriteHtmlCacheBehavior [ RunTime:0.000163s ]
INFO: [ view_filter ] --END-- [ RunTime:0.000186s ]
INFO: [ app_end ] --START--
INFO: Run Behavior\ShowPageTraceBehavior [ RunTime:0.000300s ]
INFO: [ app_end ] --END-- [ RunTime:0.000322s ]

[ 2018-09-13T09:54:38+08:00 ] 127.0.0.1 /admin.php/Admin/Login/logout
INFO: [ app_init ] --START--
INFO: Run Behavior\BuildLiteBehavior [ RunTime:0.000008s ]
INFO: [ app_init ] --END-- [ RunTime:0.000213s ]
INFO: [ app_begin ] --START--
INFO: Run Behavior\ReadHtmlCacheBehavior [ RunTime:0.000256s ]
INFO: [ app_begin ] --END-- [ RunTime:0.000286s ]
NOTIC: [2048] Declaration of Admin\Model\AdminModel::cache() should be compatible with Think\Model::cache($key = true, $expire = NULL, $type = '') D:\phpstudy\PHPTutorial\WWW\hong\Admin\Admin\Model\AdminModel.class.php 第 5 行.
SQL: SHOW COLUMNS FROM `t_admin` [ RunTime:0.0232s ]
INFO: [ view_parse ] --START--
INFO: [ template_filter ] --START--
INFO: Run Behavior\ContentReplaceBehavior [ RunTime:0.000024s ]
INFO: [ template_filter ] --END-- [ RunTime:0.000050s ]
INFO: Run Behavior\ParseTemplateBehavior [ RunTime:0.003800s ]
INFO: [ view_parse ] --END-- [ RunTime:0.003834s ]
INFO: [ view_filter ] --START--
INFO: Run Behavior\WriteHtmlCacheBehavior [ RunTime:0.000141s ]
INFO: [ view_filter ] --END-- [ RunTime:0.000161s ]
INFO: [ app_end ] --START--
INFO: Run Behavior\ShowPageTraceBehavior [ RunTime:0.000293s ]
INFO: [ app_end ] --END-- [ RunTime:0.000316s ]

[ 2018-09-13T09:54:39+08:00 ] 127.0.0.1 /admin.php/Admin/Login/login.html
INFO: [ app_init ] --START--
INFO: Run Behavior\BuildLiteBehavior [ RunTime:0.000016s ]
INFO: [ app_init ] --END-- [ RunTime:0.000232s ]
INFO: [ app_begin ] --START--
INFO: Run Behavior\ReadHtmlCacheBehavior [ RunTime:0.000262s ]
INFO: [ app_begin ] --END-- [ RunTime:0.000295s ]
INFO: [ view_parse ] --START--
INFO: [ template_filter ] --START--
INFO: Run Behavior\ContentReplaceBehavior [ RunTime:0.000030s ]
INFO: [ template_filter ] --END-- [ RunTime:0.000058s ]
INFO: Run Behavior\ParseTemplateBehavior [ RunTime:0.008700s ]
INFO: [ view_parse ] --END-- [ RunTime:0.008736s ]
INFO: [ view_filter ] --START--
INFO: Run Behavior\WriteHtmlCacheBehavior [ RunTime:0.000168s ]
INFO: [ view_filter ] --END-- [ RunTime:0.000189s ]
INFO: [ app_end ] --START--
INFO: Run Behavior\ShowPageTraceBehavior [ RunTime:0.000267s ]
INFO: [ app_end ] --END-- [ RunTime:0.000291s ]

[ 2018-09-13T09:54:39+08:00 ] 127.0.0.1 /admin.php/Admin/Login/code
INFO: [ app_init ] --START--
INFO: Run Behavior\BuildLiteBehavior [ RunTime:0.000010s ]
INFO: [ app_init ] --END-- [ RunTime:0.000249s ]
INFO: [ app_begin ] --START--
INFO: Run Behavior\ReadHtmlCacheBehavior [ RunTime:0.000268s ]
INFO: [ app_begin ] --END-- [ RunTime:0.000302s ]
INFO: [ app_end ] --START--
INFO: Run Behavior\ShowPageTraceBehavior [ RunTime:0.000389s ]
INFO: [ app_end ] --END-- [ RunTime:0.000427s ]

[ 2018-09-13T09:54:47+08:00 ] 127.0.0.1 /admin.php/Admin/Login/login.html
INFO: [ app_init ] --START--
INFO: Run Behavior\BuildLiteBehavior [ RunTime:0.000008s ]
INFO: [ app_init ] --END-- [ RunTime:0.000220s ]
INFO: [ app_begin ] --START--
INFO: Run Behavior\ReadHtmlCacheBehavior [ RunTime:0.001233s ]
INFO: [ app_begin ] --END-- [ RunTime:0.001285s ]
NOTIC: [2048] Declaration of Admin\Model\AdminModel::cache() should be compatible with Think\Model::cache($key = true, $expire = NULL, $type = '') D:\phpstudy\PHPTutorial\WWW\hong\Admin\Admin\Model\AdminModel.class.php 第 5 行.
SQL: SHOW COLUMNS FROM `t_admin` [ RunTime:0.0149s ]
NOTIC: [8] Undefined index: validate D:\phpstudy\PHPTutorial\WWW\hong\PHP\Library\Think\Model.class.php 第 1185 行.
NOTIC: [8] Undefined index: auto D:\phpstudy\PHPTutorial\WWW\hong\PHP\Library\Think\Model.class.php 第 1128 行.
SQL: SELECT * FROM `t_admin` WHERE ( username='admin' ) LIMIT 1   [ RunTime:0.0002s ]
SQL: SHOW COLUMNS FROM `t_role` [ RunTime:0.0108s ]
SQL: SELECT `pri_id_list` FROM `t_role` WHERE `id` = 1 LIMIT 1   [ RunTime:0.0002s ]
SQL: SHOW COLUMNS FROM `t_privilege` [ RunTime:0.0177s ]
SQL: SELECT * FROM `t_privilege` WHERE ( parent_id=0 )  [ RunTime:0.0003s ]
SQL: SELECT * FROM `t_privilege` WHERE ( parent_id=1 )  [ RunTime:0.0002s ]
SQL: SELECT * FROM `t_privilege` WHERE ( parent_id=12 )  [ RunTime:0.0002s ]
SQL: SELECT * FROM `t_privilege` WHERE ( parent_id=19 )  [ RunTime:0.0002s ]
SQL: SELECT * FROM `t_privilege` WHERE ( parent_id=30 )  [ RunTime:0.0002s ]
SQL: SELECT * FROM `t_privilege` WHERE ( parent_id=59 )  [ RunTime:0.0002s ]
SQL: SELECT * FROM `t_privilege` WHERE ( parent_id=80 )  [ RunTime:0.0002s ]
INFO: [ view_parse ] --START--
INFO: [ template_filter ] --START--
INFO: Run Behavior\ContentReplaceBehavior [ RunTime:0.000026s ]
INFO: [ template_filter ] --END-- [ RunTime:0.000057s ]
INFO: Run Behavior\ParseTemplateBehavior [ RunTime:0.003980s ]
INFO: [ view_parse ] --END-- [ RunTime:0.004014s ]
INFO: [ view_filter ] --START--
INFO: Run Behavior\WriteHtmlCacheBehavior [ RunTime:0.000160s ]
INFO: [ view_filter ] --END-- [ RunTime:0.000181s ]

[ 2018-09-13T09:54:49+08:00 ] 127.0.0.1 /admin.php/Admin/Index/index.html
INFO: [ app_init ] --START--
INFO: Run Behavior\BuildLiteBehavior [ RunTime:0.000008s ]
INFO: [ app_init ] --END-- [ RunTime:0.000210s ]
INFO: [ app_begin ] --START--
INFO: Run Behavior\ReadHtmlCacheBehavior [ RunTime:0.000249s ]
INFO: [ app_begin ] --END-- [ RunTime:0.000279s ]
INFO: [ view_parse ] --START--
INFO: [ template_filter ] --START--
INFO: Run Behavior\ContentReplaceBehavior [ RunTime:0.000031s ]
INFO: [ template_filter ] --END-- [ RunTime:0.000064s ]
INFO: Run Behavior\ParseTemplateBehavior [ RunTime:0.004632s ]
INFO: [ view_parse ] --END-- [ RunTime:0.004665s ]
INFO: [ view_filter ] --START--
INFO: Run Behavior\WriteHtmlCacheBehavior [ RunTime:0.000163s ]
INFO: [ view_filter ] --END-- [ RunTime:0.000184s ]
INFO: [ app_end ] --START--
INFO: Run Behavior\ShowPageTraceBehavior [ RunTime:0.000267s ]
INFO: [ app_end ] --END-- [ RunTime:0.000291s ]

[ 2018-09-13T09:54:50+08:00 ] 127.0.0.1 /admin.php/Admin/Index/mainin.html
INFO: [ app_init ] --START--
INFO: Run Behavior\BuildLiteBehavior [ RunTime:0.000009s ]
INFO: [ app_init ] --END-- [ RunTime:0.000241s ]
INFO: [ app_begin ] --START--
INFO: Run Behavior\ReadHtmlCacheBehavior [ RunTime:0.000593s ]
INFO: [ app_begin ] --END-- [ RunTime:0.000727s ]
SQL: SHOW COLUMNS FROM `t_systembonus` [ RunTime:0.0127s ]
SQL: SELECT * FROM `t_systembonus` WHERE `id` = 1 LIMIT 1   [ RunTime:0.0002s ]
SQL: SHOW COLUMNS FROM `t_kzhi` [ RunTime:0.0060s ]
SQL: SELECT * FROM `t_kzhi` WHERE `time` = '2018-09-13' LIMIT 1   [ RunTime:0.0002s ]
INFO: [ view_parse ] --START--
INFO: [ template_filter ] --START--
INFO: Run Behavior\ContentReplaceBehavior [ RunTime:0.000039s ]
INFO: [ template_filter ] --END-- [ RunTime:0.000071s ]
INFO: Run Behavior\ParseTemplateBehavior [ RunTime:0.006523s ]
INFO: [ view_parse ] --END-- [ RunTime:0.006573s ]
INFO: [ view_filter ] --START--
INFO: Run Behavior\WriteHtmlCacheBehavior [ RunTime:0.000149s ]
INFO: [ view_filter ] --END-- [ RunTime:0.000170s ]
INFO: [ app_end ] --START--
INFO: Run Behavior\ShowPageTraceBehavior [ RunTime:0.000268s ]
INFO: [ app_end ] --END-- [ RunTime:0.000292s ]

[ 2018-09-13T09:54:52+08:00 ] 127.0.0.1 /admin.php/Admin/Member/Genealogy.html
INFO: [ app_init ] --START--
INFO: Run Behavior\BuildLiteBehavior [ RunTime:0.000010s ]
INFO: [ app_init ] --END-- [ RunTime:0.000258s ]
INFO: [ app_begin ] --START--
INFO: Run Behavior\ReadHtmlCacheBehavior [ RunTime:0.000292s ]
INFO: [ app_begin ] --END-- [ RunTime:0.000331s ]
SQL: SHOW COLUMNS FROM `t_member` [ RunTime:0.0086s ]
SQL: SELECT * FROM `t_member` ORDER BY region ASC  [ RunTime:0.0003s ]
INFO: [ view_parse ] --START--
INFO: [ template_filter ] --START--
INFO: Run Behavior\ContentReplaceBehavior [ RunTime:0.000044s ]
INFO: [ template_filter ] --END-- [ RunTime:0.000084s ]
INFO: Run Behavior\ParseTemplateBehavior [ RunTime:0.050241s ]
INFO: [ view_parse ] --END-- [ RunTime:0.050278s ]
INFO: [ view_filter ] --START--
INFO: Run Behavior\WriteHtmlCacheBehavior [ RunTime:0.000151s ]
INFO: [ view_filter ] --END-- [ RunTime:0.000171s ]
INFO: [ app_end ] --START--
INFO: Run Behavior\ShowPageTraceBehavior [ RunTime:0.000278s ]
INFO: [ app_end ] --END-- [ RunTime:0.000301s ]

[ 2018-09-13T09:54:54+08:00 ] 127.0.0.1 /admin.php/Admin/Member/Genealogy.html
INFO: [ app_init ] --START--
INFO: Run Behavior\BuildLiteBehavior [ RunTime:0.000008s ]
INFO: [ app_init ] --END-- [ RunTime:0.000214s ]
INFO: [ app_begin ] --START--
INFO: Run Behavior\ReadHtmlCacheBehavior [ RunTime:0.000263s ]
INFO: [ app_begin ] --END-- [ RunTime:0.000293s ]
SQL: SHOW COLUMNS FROM `t_member` [ RunTime:0.0135s ]
SQL: SELECT * FROM `t_member` ORDER BY region ASC  [ RunTime:0.0003s ]
INFO: [ view_parse ] --START--
INFO: [ template_filter ] --START--
INFO: Run Behavior\ContentReplaceBehavior [ RunTime:0.000041s ]
INFO: [ template_filter ] --END-- [ RunTime:0.000072s ]
INFO: Run Behavior\ParseTemplateBehavior [ RunTime:0.047369s ]
INFO: [ view_parse ] --END-- [ RunTime:0.047406s ]
INFO: [ view_filter ] --START--
INFO: Run Behavior\WriteHtmlCacheBehavior [ RunTime:0.000159s ]
INFO: [ view_filter ] --END-- [ RunTime:0.000180s ]
INFO: [ app_end ] --START--
INFO: Run Behavior\ShowPageTraceBehavior [ RunTime:0.000265s ]
INFO: [ app_end ] --END-- [ RunTime:0.000287s ]

[ 2018-09-13T09:54:55+08:00 ] 127.0.0.1 /admin.php/Admin/Member/Genealogy.html
INFO: [ app_init ] --START--
INFO: Run Behavior\BuildLiteBehavior [ RunTime:0.000007s ]
INFO: [ app_init ] --END-- [ RunTime:0.000206s ]
INFO: [ app_begin ] --START--
INFO: Run Behavior\ReadHtmlCacheBehavior [ RunTime:0.002109s ]
INFO: [ app_begin ] --END-- [ RunTime:0.002139s ]
SQL: SHOW COLUMNS FROM `t_member` [ RunTime:0.0096s ]
SQL: SELECT * FROM `t_member` ORDER BY region ASC  [ RunTime:0.0003s ]
INFO: [ view_parse ] --START--
INFO: [ template_filter ] --START--
INFO: Run Behavior\ContentReplaceBehavior [ RunTime:0.000060s ]
INFO: [ template_filter ] --END-- [ RunTime:0.000089s ]
INFO: Run Behavior\ParseTemplateBehavior [ RunTime:0.044169s ]
INFO: [ view_parse ] --END-- [ RunTime:0.044206s ]
INFO: [ view_filter ] --START--
INFO: Run Behavior\WriteHtmlCacheBehavior [ RunTime:0.000153s ]
INFO: [ view_filter ] --END-- [ RunTime:0.000174s ]
INFO: [ app_end ] --START--
INFO: Run Behavior\ShowPageTraceBehavior [ RunTime:0.000268s ]
INFO: [ app_end ] --END-- [ RunTime:0.000290s ]

[ 2018-09-13T09:54:59+08:00 ] 127.0.0.1 /admin.php/Admin/Member/Genealogy.html
INFO: [ app_init ] --START--
INFO: Run Behavior\BuildLiteBehavior [ RunTime:0.000008s ]
INFO: [ app_init ] --END-- [ RunTime:0.000210s ]
INFO: [ app_begin ] --START--
INFO: Run Behavior\ReadHtmlCacheBehavior [ RunTime:0.000268s ]
INFO: [ app_begin ] --END-- [ RunTime:0.000302s ]
SQL: SHOW COLUMNS FROM `t_member` [ RunTime:0.0183s ]
SQL: SELECT * FROM `t_member` ORDER BY region ASC  [ RunTime:0.0003s ]
INFO: [ view_parse ] --START--
INFO: [ template_filter ] --START--
INFO: Run Behavior\ContentReplaceBehavior [ RunTime:0.000042s ]
INFO: [ template_filter ] --END-- [ RunTime:0.000072s ]
INFO: Run Behavior\ParseTemplateBehavior [ RunTime:0.047731s ]
INFO: [ view_parse ] --END-- [ RunTime:0.047767s ]
INFO: [ view_filter ] --START--
INFO: Run Behavior\WriteHtmlCacheBehavior [ RunTime:0.000154s ]
INFO: [ view_filter ] --END-- [ RunTime:0.000176s ]
INFO: [ app_end ] --START--
INFO: Run Behavior\ShowPageTraceBehavior [ RunTime:0.000266s ]
INFO: [ app_end ] --END-- [ RunTime:0.000289s ]

[ 2018-09-13T09:55:00+08:00 ] 127.0.0.1 /admin.php/Admin/Member/Genealogy.html
INFO: [ app_init ] --START--
INFO: Run Behavior\BuildLiteBehavior [ RunTime:0.000007s ]
INFO: [ app_init ] --END-- [ RunTime:0.000209s ]
INFO: [ app_begin ] --START--
INFO: Run Behavior\ReadHtmlCacheBehavior [ RunTime:0.000250s ]
INFO: [ app_begin ] --END-- [ RunTime:0.000279s ]
SQL: SHOW COLUMNS FROM `t_member` [ RunTime:0.0099s ]
SQL: SELECT * FROM `t_member` ORDER BY region ASC  [ RunTime:0.0003s ]
INFO: [ view_parse ] --START--
INFO: [ template_filter ] --START--
INFO: Run Behavior\ContentReplaceBehavior [ RunTime:0.000054s ]
INFO: [ template_filter ] --END-- [ RunTime:0.000087s ]
INFO: Run Behavior\ParseTemplateBehavior [ RunTime:0.050670s ]
INFO: [ view_parse ] --END-- [ RunTime:0.050708s ]
INFO: [ view_filter ] --START--
INFO: Run Behavior\WriteHtmlCacheBehavior [ RunTime:0.000152s ]
INFO: [ view_filter ] --END-- [ RunTime:0.000173s ]
INFO: [ app_end ] --START--
INFO: Run Behavior\ShowPageTraceBehavior [ RunTime:0.000283s ]
INFO: [ app_end ] --END-- [ RunTime:0.000304s ]

[ 2018-09-13T09:55:02+08:00 ] 127.0.0.1 /admin.php/Admin/Member/Genealogy.html
INFO: [ app_init ] --START--
INFO: Run Behavior\BuildLiteBehavior [ RunTime:0.000008s ]
INFO: [ app_init ] --END-- [ RunTime:0.000254s ]
INFO: [ app_begin ] --START--
INFO: Run Behavior\ReadHtmlCacheBehavior [ RunTime:0.000314s ]
INFO: [ app_begin ] --END-- [ RunTime:0.000344s ]
SQL: SHOW COLUMNS FROM `t_member` [ RunTime:0.0250s ]
SQL: SELECT * FROM `t_member` ORDER BY region ASC  [ RunTime:0.0003s ]
INFO: [ view_parse ] --START--
INFO: [ template_filter ] --START--
INFO: Run Behavior\ContentReplaceBehavior [ RunTime:0.000051s ]
INFO: [ template_filter ] --END-- [ RunTime:0.000082s ]
INFO: Run Behavior\ParseTemplateBehavior [ RunTime:0.052177s ]
INFO: [ view_parse ] --END-- [ RunTime:0.052214s ]
INFO: [ view_filter ] --START--
INFO: Run Behavior\WriteHtmlCacheBehavior [ RunTime:0.000204s ]
INFO: [ view_filter ] --END-- [ RunTime:0.000226s ]
INFO: [ app_end ] --START--
INFO: Run Behavior\ShowPageTraceBehavior [ RunTime:0.000301s ]
INFO: [ app_end ] --END-- [ RunTime:0.000323s ]

[ 2018-09-13T09:55:03+08:00 ] 127.0.0.1 /admin.php/Admin/Member/Genealogy.html
INFO: [ app_init ] --START--
INFO: Run Behavior\BuildLiteBehavior [ RunTime:0.000007s ]
INFO: [ app_init ] --END-- [ RunTime:0.000253s ]
INFO: [ app_begin ] --START--
INFO: Run Behavior\ReadHtmlCacheBehavior [ RunTime:0.000325s ]
INFO: [ app_begin ] --END-- [ RunTime:0.000355s ]
SQL: SHOW COLUMNS FROM `t_member` [ RunTime:0.0103s ]
SQL: SELECT * FROM `t_member` ORDER BY region ASC  [ RunTime:0.0003s ]
INFO: [ view_parse ] --START--
INFO: [ template_filter ] --START--
INFO: Run Behavior\ContentReplaceBehavior [ RunTime:0.000050s ]
INFO: [ template_filter ] --END-- [ RunTime:0.000078s ]
INFO: Run Behavior\ParseTemplateBehavior [ RunTime:0.051107s ]
INFO: [ view_parse ] --END-- [ RunTime:0.051149s ]
INFO: [ view_filter ] --START--
INFO: Run Behavior\WriteHtmlCacheBehavior [ RunTime:0.000385s ]
INFO: [ view_filter ] --END-- [ RunTime:0.000414s ]
INFO: [ app_end ] --START--
INFO: Run Behavior\ShowPageTraceBehavior [ RunTime:0.000316s ]
INFO: [ app_end ] --END-- [ RunTime:0.000339s ]

[ 2018-09-13T09:55:04+08:00 ] 127.0.0.1 /admin.php/Admin/Member/Genealogy.html
INFO: [ app_init ] --START--
INFO: Run Behavior\BuildLiteBehavior [ RunTime:0.000010s ]
INFO: [ app_init ] --END-- [ RunTime:0.000249s ]
INFO: [ app_begin ] --START--
INFO: Run Behavior\ReadHtmlCacheBehavior [ RunTime:0.000347s ]
INFO: [ app_begin ] --END-- [ RunTime:0.000378s ]
SQL: SHOW COLUMNS FROM `t_member` [ RunTime:0.0158s ]
SQL: SELECT * FROM `t_member` ORDER BY region ASC  [ RunTime:0.0003s ]
INFO: [ view_parse ] --START--
INFO: [ template_filter ] --START--
INFO: Run Behavior\ContentReplaceBehavior [ RunTime:0.000050s ]
INFO: [ template_filter ] --END-- [ RunTime:0.000079s ]
INFO: Run Behavior\ParseTemplateBehavior [ RunTime:0.045859s ]
INFO: [ view_parse ] --END-- [ RunTime:0.045901s ]
INFO: [ view_filter ] --START--
INFO: Run Behavior\WriteHtmlCacheBehavior [ RunTime:0.000245s ]
INFO: [ view_filter ] --END-- [ RunTime:0.000268s ]
INFO: [ app_end ] --START--
INFO: Run Behavior\ShowPageTraceBehavior [ RunTime:0.000309s ]
INFO: [ app_end ] --END-- [ RunTime:0.000331s ]

[ 2018-09-13T09:55:05+08:00 ] 127.0.0.1 /admin.php/Admin/Member/Genealogy.html
INFO: [ app_init ] --START--
INFO: Run Behavior\BuildLiteBehavior [ RunTime:0.000010s ]
INFO: [ app_init ] --END-- [ RunTime:0.000542s ]
INFO: [ app_begin ] --START--
INFO: Run Behavior\ReadHtmlCacheBehavior [ RunTime:0.000382s ]
INFO: [ app_begin ] --END-- [ RunTime:0.000419s ]
SQL: SHOW COLUMNS FROM `t_member` [ RunTime:0.0085s ]
SQL: SELECT * FROM `t_member` ORDER BY region ASC  [ RunTime:0.0003s ]
INFO: [ view_parse ] --START--
INFO: [ template_filter ] --START--
INFO: Run Behavior\ContentReplaceBehavior [ RunTime:0.000051s ]
INFO: [ template_filter ] --END-- [ RunTime:0.000083s ]
INFO: Run Behavior\ParseTemplateBehavior [ RunTime:0.045935s ]
INFO: [ view_parse ] --END-- [ RunTime:0.045974s ]
INFO: [ view_filter ] --START--
INFO: Run Behavior\WriteHtmlCacheBehavior [ RunTime:0.000199s ]
INFO: [ view_filter ] --END-- [ RunTime:0.000220s ]
INFO: [ app_end ] --START--
INFO: Run Behavior\ShowPageTraceBehavior [ RunTime:0.000323s ]
INFO: [ app_end ] --END-- [ RunTime:0.000346s ]

[ 2018-09-13T09:55:06+08:00 ] 127.0.0.1 /admin.php/Admin/Member/Genealogy.html
INFO: [ app_init ] --START--
INFO: Run Behavior\BuildLiteBehavior [ RunTime:0.000011s ]
INFO: [ app_init ] --END-- [ RunTime:0.000252s ]
INFO: [ app_begin ] --START--
INFO: Run Behavior\ReadHtmlCacheBehavior [ RunTime:0.000316s ]
INFO: [ app_begin ] --END-- [ RunTime:0.000348s ]
SQL: SHOW COLUMNS FROM `t_member` [ RunTime:0.0123s ]
SQL: SELECT * FROM `t_member` ORDER BY region ASC  [ RunTime:0.0003s ]
INFO: [ view_parse ] --START--
INFO: [ template_filter ] --START--
INFO: Run Behavior\ContentReplaceBehavior [ RunTime:0.000051s ]
INFO: [ template_filter ] --END-- [ RunTime:0.000082s ]
INFO: Run Behavior\ParseTemplateBehavior [ RunTime:0.050727s ]
INFO: [ view_parse ] --END-- [ RunTime:0.050763s ]
INFO: [ view_filter ] --START--
INFO: Run Behavior\WriteHtmlCacheBehavior [ RunTime:0.000202s ]
INFO: [ view_filter ] --END-- [ RunTime:0.000223s ]
INFO: [ app_end ] --START--
INFO: Run Behavior\ShowPageTraceBehavior [ RunTime:0.000303s ]
INFO: [ app_end ] --END-- [ RunTime:0.000324s ]

[ 2018-09-13T09:55:07+08:00 ] 127.0.0.1 /admin.php/Admin/Member/lst.html
INFO: [ app_init ] --START--
INFO: Run Behavior\BuildLiteBehavior [ RunTime:0.000007s ]
INFO: [ app_init ] --END-- [ RunTime:0.000212s ]
INFO: [ app_begin ] --START--
INFO: Run Behavior\ReadHtmlCacheBehavior [ RunTime:0.001978s ]
INFO: [ app_begin ] --END-- [ RunTime:0.002008s ]
SQL: SHOW COLUMNS FROM `t_member` [ RunTime:0.0156s ]
NOTIC: [2] Invalid argument supplied for foreach() D:\phpstudy\PHPTutorial\WWW\hong\PHP\Library\Think\Db\Driver.class.php 第 504 行.
SQL: SELECT COUNT(*) AS tp_count FROM `t_member` LIMIT 1   [ RunTime:0.0002s ]
NOTIC: [2] Invalid argument supplied for foreach() D:\phpstudy\PHPTutorial\WWW\hong\PHP\Library\Think\Db\Driver.class.php 第 504 行.
SQL: SELECT * FROM `t_member` ORDER BY id desc LIMIT 0,20   [ RunTime:0.0003s ]
INFO: [ view_parse ] --START--
INFO: [ template_filter ] --START--
INFO: Run Behavior\ContentReplaceBehavior [ RunTime:0.000044s ]
INFO: [ template_filter ] --END-- [ RunTime:0.000070s ]
INFO: Run Behavior\ParseTemplateBehavior [ RunTime:0.005682s ]
INFO: [ view_parse ] --END-- [ RunTime:0.005711s ]
INFO: [ view_filter ] --START--
INFO: Run Behavior\WriteHtmlCacheBehavior [ RunTime:0.000146s ]
INFO: [ view_filter ] --END-- [ RunTime:0.000166s ]
INFO: [ app_end ] --START--
INFO: Run Behavior\ShowPageTraceBehavior [ RunTime:0.000264s ]
INFO: [ app_end ] --END-- [ RunTime:0.000287s ]

[ 2018-09-13T09:55:08+08:00 ] 127.0.0.1 /admin.php/Admin/Member/lst.html
INFO: [ app_init ] --START--
INFO: Run Behavior\BuildLiteBehavior [ RunTime:0.000008s ]
INFO: [ app_init ] --END-- [ RunTime:0.000225s ]
INFO: [ app_begin ] --START--
INFO: Run Behavior\ReadHtmlCacheBehavior [ RunTime:0.000264s ]
INFO: [ app_begin ] --END-- [ RunTime:0.000295s ]
SQL: SHOW COLUMNS FROM `t_member` [ RunTime:0.0118s ]
NOTIC: [2] Invalid argument supplied for foreach() D:\phpstudy\PHPTutorial\WWW\hong\PHP\Library\Think\Db\Driver.class.php 第 504 行.
SQL: SELECT COUNT(*) AS tp_count FROM `t_member` LIMIT 1   [ RunTime:0.0002s ]
NOTIC: [2] Invalid argument supplied for foreach() D:\phpstudy\PHPTutorial\WWW\hong\PHP\Library\Think\Db\Driver.class.php 第 504 行.
SQL: SELECT * FROM `t_member` ORDER BY id desc LIMIT 0,20   [ RunTime:0.0003s ]
INFO: [ view_parse ] --START--
INFO: [ template_filter ] --START--
INFO: Run Behavior\ContentReplaceBehavior [ RunTime:0.000044s ]
INFO: [ template_filter ] --END-- [ RunTime:0.000071s ]
INFO: Run Behavior\ParseTemplateBehavior [ RunTime:0.005642s ]
INFO: [ view_parse ] --END-- [ RunTime:0.005670s ]
INFO: [ view_filter ] --START--
INFO: Run Behavior\WriteHtmlCacheBehavior [ RunTime:0.000144s ]
INFO: [ view_filter ] --END-- [ RunTime:0.000166s ]
INFO: [ app_end ] --START--
INFO: Run Behavior\ShowPageTraceBehavior [ RunTime:0.000262s ]
INFO: [ app_end ] --END-- [ RunTime:0.000285s ]

[ 2018-09-13T09:55:09+08:00 ] 127.0.0.1 /admin.php/Admin/Member/lst.html
INFO: [ app_init ] --START--
INFO: Run Behavior\BuildLiteBehavior [ RunTime:0.000008s ]
INFO: [ app_init ] --END-- [ RunTime:0.000223s ]
INFO: [ app_begin ] --START--
INFO: Run Behavior\ReadHtmlCacheBehavior [ RunTime:0.000265s ]
INFO: [ app_begin ] --END-- [ RunTime:0.000298s ]
SQL: SHOW COLUMNS FROM `t_member` [ RunTime:0.0120s ]
NOTIC: [2] Invalid argument supplied for foreach() D:\phpstudy\PHPTutorial\WWW\hong\PHP\Library\Think\Db\Driver.class.php 第 504 行.
SQL: SELECT COUNT(*) AS tp_count FROM `t_member` LIMIT 1   [ RunTime:0.0002s ]
NOTIC: [2] Invalid argument supplied for foreach() D:\phpstudy\PHPTutorial\WWW\hong\PHP\Library\Think\Db\Driver.class.php 第 504 行.
SQL: SELECT * FROM `t_member` ORDER BY id desc LIMIT 0,20   [ RunTime:0.0004s ]
INFO: [ view_parse ] --START--
INFO: [ template_filter ] --START--
INFO: Run Behavior\ContentReplaceBehavior [ RunTime:0.000043s ]
INFO: [ template_filter ] --END-- [ RunTime:0.000068s ]
INFO: Run Behavior\ParseTemplateBehavior [ RunTime:0.006610s ]
INFO: [ view_parse ] --END-- [ RunTime:0.006648s ]
INFO: [ view_filter ] --START--
INFO: Run Behavior\WriteHtmlCacheBehavior [ RunTime:0.000145s ]
INFO: [ view_filter ] --END-- [ RunTime:0.000182s ]
INFO: [ app_end ] --START--
INFO: Run Behavior\ShowPageTraceBehavior [ RunTime:0.000260s ]
INFO: [ app_end ] --END-- [ RunTime:0.000282s ]

[ 2018-09-13T09:55:10+08:00 ] 127.0.0.1 /admin.php/Admin/Member/lst.html
INFO: [ app_init ] --START--
INFO: Run Behavior\BuildLiteBehavior [ RunTime:0.000007s ]
INFO: [ app_init ] --END-- [ RunTime:0.000217s ]
INFO: [ app_begin ] --START--
INFO: Run Behavior\ReadHtmlCacheBehavior [ RunTime:0.000250s ]
INFO: [ app_begin ] --END-- [ RunTime:0.000279s ]
SQL: SHOW COLUMNS FROM `t_member` [ RunTime:0.0087s ]
NOTIC: [2] Invalid argument supplied for foreach() D:\phpstudy\PHPTutorial\WWW\hong\PHP\Library\Think\Db\Driver.class.php 第 504 行.
SQL: SELECT COUNT(*) AS tp_count FROM `t_member` LIMIT 1   [ RunTime:0.0002s ]
NOTIC: [2] Invalid argument supplied for foreach() D:\phpstudy\PHPTutorial\WWW\hong\PHP\Library\Think\Db\Driver.class.php 第 504 行.
SQL: SELECT * FROM `t_member` ORDER BY id desc LIMIT 0,20   [ RunTime:0.0003s ]
INFO: [ view_parse ] --START--
INFO: [ template_filter ] --START--
INFO: Run Behavior\ContentReplaceBehavior [ RunTime:0.000063s ]
INFO: [ template_filter ] --END-- [ RunTime:0.000107s ]
INFO: Run Behavior\ParseTemplateBehavior [ RunTime:0.006183s ]
INFO: [ view_parse ] --END-- [ RunTime:0.006217s ]
INFO: [ view_filter ] --START--
INFO: Run Behavior\WriteHtmlCacheBehavior [ RunTime:0.000156s ]
INFO: [ view_filter ] --END-- [ RunTime:0.000179s ]
INFO: [ app_end ] --START--
INFO: Run Behavior\ShowPageTraceBehavior [ RunTime:0.000271s ]
INFO: [ app_end ] --END-- [ RunTime:0.000294s ]

[ 2018-09-13T09:55:10+08:00 ] 127.0.0.1 /admin.php/Admin/Member/Public/Index/css/js/jquery-1.8.2.min.js
INFO: [ app_init ] --START--
INFO: Run Behavior\BuildLiteBehavior [ RunTime:0.000008s ]
INFO: [ app_init ] --END-- [ RunTime:0.000222s ]
INFO: [ app_begin ] --START--
INFO: Run Behavior\ReadHtmlCacheBehavior [ RunTime:0.000260s ]
INFO: [ app_begin ] --END-- [ RunTime:0.000293s ]
ERR: 非法操作:Public

[ 2018-09-13T10:06:18+08:00 ] 127.0.0.1 /admin.php/Admin/Bonus/Bonus.html
INFO: [ app_init ] --START--
INFO: Run Behavior\BuildLiteBehavior [ RunTime:0.000010s ]
INFO: [ app_init ] --END-- [ RunTime:0.000316s ]
INFO: [ app_begin ] --START--
INFO: Run Behavior\ReadHtmlCacheBehavior [ RunTime:0.000666s ]
INFO: [ app_begin ] --END-- [ RunTime:0.000716s ]
SQL: SHOW COLUMNS FROM `t_jiangli` [ RunTime:0.0232s ]
SQL: SELECT * FROM `t_jiangli` WHERE ( id=1 ) LIMIT 1   [ RunTime:0.0005s ]
INFO: [ view_parse ] --START--
INFO: [ template_filter ] --START--
INFO: Run Behavior\ContentReplaceBehavior [ RunTime:0.000058s ]
INFO: [ template_filter ] --END-- [ RunTime:0.000100s ]
INFO: Run Behavior\ParseTemplateBehavior [ RunTime:0.054792s ]
INFO: [ view_parse ] --END-- [ RunTime:0.054834s ]
INFO: [ view_filter ] --START--
INFO: Run Behavior\WriteHtmlCacheBehavior [ RunTime:0.000214s ]
INFO: [ view_filter ] --END-- [ RunTime:0.000237s ]
INFO: [ app_end ] --START--
INFO: Run Behavior\ShowPageTraceBehavior [ RunTime:0.000361s ]
INFO: [ app_end ] --END-- [ RunTime:0.000389s ]

[ 2018-09-13T17:01:09+08:00 ] 127.0.0.1 /admin.php/Admin/Member/toexamine.html
INFO: [ app_init ] --START--
INFO: Run Behavior\BuildLiteBehavior [ RunTime:0.000021s ]
INFO: [ app_init ] --END-- [ RunTime:0.000761s ]
INFO: [ app_begin ] --START--
INFO: Run Behavior\ReadHtmlCacheBehavior [ RunTime:0.000603s ]
INFO: [ app_begin ] --END-- [ RunTime:0.000638s ]
INFO: [ view_parse ] --START--
INFO: [ template_filter ] --START--
INFO: Run Behavior\ContentReplaceBehavior [ RunTime:0.000021s ]
INFO: [ template_filter ] --END-- [ RunTime:0.000050s ]
INFO: Run Behavior\ParseTemplateBehavior [ RunTime:0.005054s ]
INFO: [ view_parse ] --END-- [ RunTime:0.005086s ]
INFO: [ view_filter ] --START--
INFO: Run Behavior\WriteHtmlCacheBehavior [ RunTime:0.000483s ]
INFO: [ view_filter ] --END-- [ RunTime:0.000506s ]

[ 2018-09-13T17:01:11+08:00 ] 127.0.0.1 /admin.php/Admin/Login/login.html
INFO: [ app_init ] --START--
INFO: Run Behavior\BuildLiteBehavior [ RunTime:0.000008s ]
INFO: [ app_init ] --END-- [ RunTime:0.000573s ]
INFO: [ app_begin ] --START--
INFO: Run Behavior\ReadHtmlCacheBehavior [ RunTime:0.000602s ]
INFO: [ app_begin ] --END-- [ RunTime:0.000636s ]
INFO: [ view_parse ] --START--
INFO: [ template_filter ] --START--
INFO: Run Behavior\ContentReplaceBehavior [ RunTime:0.000031s ]
INFO: [ template_filter ] --END-- [ RunTime:0.000059s ]
INFO: Run Behavior\ParseTemplateBehavior [ RunTime:0.009932s ]
INFO: [ view_parse ] --END-- [ RunTime:0.009969s ]
INFO: [ view_filter ] --START--
INFO: Run Behavior\WriteHtmlCacheBehavior [ RunTime:0.000501s ]
INFO: [ view_filter ] --END-- [ RunTime:0.000525s ]
INFO: [ app_end ] --START--
INFO: Run Behavior\ShowPageTraceBehavior [ RunTime:0.000602s ]
INFO: [ app_end ] --END-- [ RunTime:0.000628s ]

[ 2018-09-13T17:01:11+08:00 ] 127.0.0.1 /admin.php/Admin/Login/code
INFO: [ app_init ] --START--
INFO: Run Behavior\BuildLiteBehavior [ RunTime:0.000009s ]
INFO: [ app_init ] --END-- [ RunTime:0.000403s ]
INFO: [ app_begin ] --START--
INFO: Run Behavior\ReadHtmlCacheBehavior [ RunTime:0.000624s ]
INFO: [ app_begin ] --END-- [ RunTime:0.000668s ]
INFO: [ app_end ] --START--
INFO: Run Behavior\ShowPageTraceBehavior [ RunTime:0.002386s ]
INFO: [ app_end ] --END-- [ RunTime:0.002532s ]

[ 2018-09-13T17:01:19+08:00 ] 127.0.0.1 /admin.php/Admin/Login/login.html
INFO: [ app_init ] --START--
INFO: Run Behavior\BuildLiteBehavior [ RunTime:0.000008s ]
INFO: [ app_init ] --END-- [ RunTime:0.000382s ]
INFO: [ app_begin ] --START--
INFO: Run Behavior\ReadHtmlCacheBehavior [ RunTime:0.000672s ]
INFO: [ app_begin ] --END-- [ RunTime:0.000706s ]
NOTIC: [2048] Declaration of Admin\Model\AdminModel::cache() should be compatible with Think\Model::cache($key = true, $expire = NULL, $type = '') D:\phpstudy\PHPTutorial\WWW\hong\Admin\Admin\Model\AdminModel.class.php 第 5 行.
SQL: SHOW COLUMNS FROM `t_admin` [ RunTime:0.0112s ]
NOTIC: [8] Undefined index: validate D:\phpstudy\PHPTutorial\WWW\hong\PHP\Library\Think\Model.class.php 第 1185 行.
NOTIC: [8] Undefined index: auto D:\phpstudy\PHPTutorial\WWW\hong\PHP\Library\Think\Model.class.php 第 1128 行.
SQL: SELECT * FROM `t_admin` WHERE ( username='admin' ) LIMIT 1   [ RunTime:0.0002s ]
SQL: SHOW COLUMNS FROM `t_role` [ RunTime:0.0088s ]
SQL: SELECT `pri_id_list` FROM `t_role` WHERE `id` = 1 LIMIT 1   [ RunTime:0.0002s ]
SQL: SHOW COLUMNS FROM `t_privilege` [ RunTime:0.0083s ]
SQL: SELECT * FROM `t_privilege` WHERE ( parent_id=0 )  [ RunTime:0.0002s ]
SQL: SELECT * FROM `t_privilege` WHERE ( parent_id=1 )  [ RunTime:0.0001s ]
SQL: SELECT * FROM `t_privilege` WHERE ( parent_id=12 )  [ RunTime:0.0001s ]
SQL: SELECT * FROM `t_privilege` WHERE ( parent_id=19 )  [ RunTime:0.0001s ]
SQL: SELECT * FROM `t_privilege` WHERE ( parent_id=30 )  [ RunTime:0.0001s ]
SQL: SELECT * FROM `t_privilege` WHERE ( parent_id=59 )  [ RunTime:0.0001s ]
SQL: SELECT * FROM `t_privilege` WHERE ( parent_id=80 )  [ RunTime:0.0001s ]
INFO: [ view_parse ] --START--
INFO: [ template_filter ] --START--
INFO: Run Behavior\ContentReplaceBehavior [ RunTime:0.000024s ]
INFO: [ template_filter ] --END-- [ RunTime:0.000050s ]
INFO: Run Behavior\ParseTemplateBehavior [ RunTime:0.005123s ]
INFO: [ view_parse ] --END-- [ RunTime:0.005155s ]
INFO: [ view_filter ] --START--
INFO: Run Behavior\WriteHtmlCacheBehavior [ RunTime:0.000470s ]
INFO: [ view_filter ] --END-- [ RunTime:0.000493s ]

[ 2018-09-13T17:01:20+08:00 ] 127.0.0.1 /admin.php/Admin/Index/index.html
INFO: [ app_init ] --START--
INFO: Run Behavior\BuildLiteBehavior [ RunTime:0.000007s ]
INFO: [ app_init ] --END-- [ RunTime:0.000380s ]
INFO: [ app_begin ] --START--
INFO: Run Behavior\ReadHtmlCacheBehavior [ RunTime:0.000571s ]
INFO: [ app_begin ] --END-- [ RunTime:0.000604s ]
INFO: [ view_parse ] --START--
INFO: [ template_filter ] --START--
INFO: Run Behavior\ContentReplaceBehavior [ RunTime:0.000034s ]
INFO: [ template_filter ] --END-- [ RunTime:0.000075s ]
INFO: Run Behavior\ParseTemplateBehavior [ RunTime:0.020369s ]
INFO: [ view_parse ] --END-- [ RunTime:0.020425s ]
INFO: [ view_filter ] --START--
INFO: Run Behavior\WriteHtmlCacheBehavior [ RunTime:0.000489s ]
INFO: [ view_filter ] --END-- [ RunTime:0.000511s ]
INFO: [ app_end ] --START--
INFO: Run Behavior\ShowPageTraceBehavior [ RunTime:0.000653s ]
INFO: [ app_end ] --END-- [ RunTime:0.000678s ]

[ 2018-09-13T17:01:20+08:00 ] 127.0.0.1 /admin.php/Admin/Index/index.html
INFO: [ app_init ] --START--
INFO: Run Behavior\BuildLiteBehavior [ RunTime:0.000017s ]
INFO: [ app_init ] --END-- [ RunTime:0.000445s ]
INFO: [ app_begin ] --START--
INFO: Run Behavior\ReadHtmlCacheBehavior [ RunTime:0.000597s ]
INFO: [ app_begin ] --END-- [ RunTime:0.000632s ]
INFO: [ view_parse ] --START--
INFO: [ template_filter ] --START--
INFO: Run Behavior\ContentReplaceBehavior [ RunTime:0.000031s ]
INFO: [ template_filter ] --END-- [ RunTime:0.000066s ]
INFO: Run Behavior\ParseTemplateBehavior [ RunTime:0.005603s ]
INFO: [ view_parse ] --END-- [ RunTime:0.005633s ]
INFO: [ view_filter ] --START--
INFO: Run Behavior\WriteHtmlCacheBehavior [ RunTime:0.000483s ]
INFO: [ view_filter ] --END-- [ RunTime:0.000506s ]
INFO: [ app_end ] --START--
INFO: Run Behavior\ShowPageTraceBehavior [ RunTime:0.000588s ]
INFO: [ app_end ] --END-- [ RunTime:0.000613s ]

[ 2018-09-13T17:01:22+08:00 ] 127.0.0.1 /admin.php/Admin/Index/mainin.html
INFO: [ app_init ] --START--
INFO: Run Behavior\BuildLiteBehavior [ RunTime:0.000010s ]
INFO: [ app_init ] --END-- [ RunTime:0.000425s ]
INFO: [ app_begin ] --START--
INFO: Run Behavior\ReadHtmlCacheBehavior [ RunTime:0.001710s ]
INFO: [ app_begin ] --END-- [ RunTime:0.001879s ]
SQL: SHOW COLUMNS FROM `t_systembonus` [ RunTime:0.0120s ]
SQL: SELECT * FROM `t_systembonus` WHERE `id` = 1 LIMIT 1   [ RunTime:0.0002s ]
SQL: SHOW COLUMNS FROM `t_kzhi` [ RunTime:0.0080s ]
SQL: SELECT * FROM `t_kzhi` WHERE `time` = '2018-09-13' LIMIT 1   [ RunTime:0.0003s ]
INFO: [ view_parse ] --START--
INFO: [ template_filter ] --START--
INFO: Run Behavior\ContentReplaceBehavior [ RunTime:0.000036s ]
INFO: [ template_filter ] --END-- [ RunTime:0.000061s ]
INFO: Run Behavior\ParseTemplateBehavior [ RunTime:0.016528s ]
INFO: [ view_parse ] --END-- [ RunTime:0.016567s ]
INFO: [ view_filter ] --START--
INFO: Run Behavior\WriteHtmlCacheBehavior [ RunTime:0.000484s ]
INFO: [ view_filter ] --END-- [ RunTime:0.000509s ]
INFO: [ app_end ] --START--
INFO: Run Behavior\ShowPageTraceBehavior [ RunTime:0.000605s ]
INFO: [ app_end ] --END-- [ RunTime:0.000630s ]

[ 2018-09-13T17:01:22+08:00 ] 127.0.0.1 /admin.php/Admin/Index/index.html
INFO: [ app_init ] --START--
INFO: Run Behavior\BuildLiteBehavior [ RunTime:0.000009s ]
INFO: [ app_init ] --END-- [ RunTime:0.000410s ]
INFO: [ app_begin ] --START--
INFO: Run Behavior\ReadHtmlCacheBehavior [ RunTime:0.000632s ]
INFO: [ app_begin ] --END-- [ RunTime:0.000665s ]
INFO: [ view_parse ] --START--
INFO: [ template_filter ] --START--
INFO: Run Behavior\ContentReplaceBehavior [ RunTime:0.000033s ]
INFO: [ template_filter ] --END-- [ RunTime:0.000072s ]
INFO: Run Behavior\ParseTemplateBehavior [ RunTime:0.005849s ]
INFO: [ view_parse ] --END-- [ RunTime:0.005928s ]
INFO: [ view_filter ] --START--
INFO: Run Behavior\WriteHtmlCacheBehavior [ RunTime:0.001251s ]
INFO: [ view_filter ] --END-- [ RunTime:0.001325s ]
INFO: [ app_end ] --START--
INFO: Run Behavior\ShowPageTraceBehavior [ RunTime:0.001211s ]
INFO: [ app_end ] --END-- [ RunTime:0.001293s ]

[ 2018-09-13T17:01:23+08:00 ] 127.0.0.1 /admin.php/Admin/Index/mainin.html
INFO: [ app_init ] --START--
INFO: Run Behavior\BuildLiteBehavior [ RunTime:0.000012s ]
INFO: [ app_init ] --END-- [ RunTime:0.000603s ]
INFO: [ app_begin ] --START--
INFO: Run Behavior\ReadHtmlCacheBehavior [ RunTime:0.000616s ]
INFO: [ app_begin ] --END-- [ RunTime:0.000656s ]
SQL: SHOW COLUMNS FROM `t_systembonus` [ RunTime:0.0171s ]
SQL: SELECT * FROM `t_systembonus` WHERE `id` = 1 LIMIT 1   [ RunTime:0.0006s ]
SQL: SHOW COLUMNS FROM `t_kzhi` [ RunTime:0.0067s ]
SQL: SELECT * FROM `t_kzhi` WHERE `time` = '2018-09-13' LIMIT 1   [ RunTime:0.0002s ]
INFO: [ view_parse ] --START--
INFO: [ template_filter ] --START--
INFO: Run Behavior\ContentReplaceBehavior [ RunTime:0.000038s ]
INFO: [ template_filter ] --END-- [ RunTime:0.000068s ]
INFO: Run Behavior\ParseTemplateBehavior [ RunTime:0.011708s ]
INFO: [ view_parse ] --END-- [ RunTime:0.011744s ]
INFO: [ view_filter ] --START--
INFO: Run Behavior\WriteHtmlCacheBehavior [ RunTime:0.000481s ]
INFO: [ view_filter ] --END-- [ RunTime:0.000504s ]
INFO: [ app_end ] --START--
INFO: Run Behavior\ShowPageTraceBehavior [ RunTime:0.000606s ]
INFO: [ app_end ] --END-- [ RunTime:0.000630s ]

[ 2018-09-13T17:01:28+08:00 ] 127.0.0.1 /admin.php/Admin/Member/toexamine.html
INFO: [ app_init ] --START--
INFO: Run Behavior\BuildLiteBehavior [ RunTime:0.000042s ]
INFO: [ app_init ] --END-- [ RunTime:0.000483s ]
INFO: [ app_begin ] --START--
INFO: Run Behavior\ReadHtmlCacheBehavior [ RunTime:0.000578s ]
INFO: [ app_begin ] --END-- [ RunTime:0.000614s ]
NOTIC: [2048] Declaration of Admin\Model\StatkModel::_before_insert() should be compatible with Think\Model::_before_insert(&$data, $options) D:\phpstudy\PHPTutorial\WWW\hong\Admin\Admin\Model\StatkModel.class.php 第 5 行.
NOTIC: [2048] Declaration of Admin\Model\StatkModel::_before_update() should be compatible with Think\Model::_before_update(&$data, $options) D:\phpstudy\PHPTutorial\WWW\hong\Admin\Admin\Model\StatkModel.class.php 第 5 行.
SQL: SHOW COLUMNS FROM `t_statk` [ RunTime:0.0224s ]
NOTIC: [2] Invalid argument supplied for foreach() D:\phpstudy\PHPTutorial\WWW\hong\PHP\Library\Think\Db\Driver.class.php 第 504 行.
SQL: SELECT COUNT(*) AS tp_count FROM `t_statk` LIMIT 1   [ RunTime:0.0002s ]
NOTIC: [2] Invalid argument supplied for foreach() D:\phpstudy\PHPTutorial\WWW\hong\PHP\Library\Think\Db\Driver.class.php 第 504 行.
SQL: SELECT * FROM `t_statk` ORDER BY id ASC LIMIT 0,10   [ RunTime:0.0003s ]
INFO: [ view_parse ] --START--
INFO: [ template_filter ] --START--
INFO: Run Behavior\ContentReplaceBehavior [ RunTime:0.000041s ]
INFO: [ template_filter ] --END-- [ RunTime:0.000079s ]
INFO: Run Behavior\ParseTemplateBehavior [ RunTime:0.040897s ]
INFO: [ view_parse ] --END-- [ RunTime:0.041021s ]
INFO: [ view_filter ] --START--
INFO: Run Behavior\WriteHtmlCacheBehavior [ RunTime:0.000838s ]
INFO: [ view_filter ] --END-- [ RunTime:0.000950s ]
INFO: [ app_end ] --START--
INFO: Run Behavior\ShowPageTraceBehavior [ RunTime:0.000638s ]
INFO: [ app_end ] --END-- [ RunTime:0.000669s ]

[ 2018-09-13T18:18:15+08:00 ] 127.0.0.1 /admin.php/Admin/Index/index.html
INFO: [ app_init ] --START--
INFO: Run Behavior\BuildLiteBehavior [ RunTime:0.000008s ]
INFO: [ app_init ] --END-- [ RunTime:0.000273s ]
INFO: [ app_begin ] --START--
INFO: Run Behavior\ReadHtmlCacheBehavior [ RunTime:0.000408s ]
INFO: [ app_begin ] --END-- [ RunTime:0.000491s ]
INFO: [ view_parse ] --START--
INFO: [ template_filter ] --START--
INFO: Run Behavior\ContentReplaceBehavior [ RunTime:0.000033s ]
INFO: [ template_filter ] --END-- [ RunTime:0.000062s ]
NOTIC: [2] Invalid argument supplied for foreach() D:\phpstudy\PHPTutorial\WWW\hong\Admin\Runtime\Cache\Admin\a52f4eada307bc4f391d9be19e0cc6bc.php 第 59 行.
INFO: Run Behavior\ParseTemplateBehavior [ RunTime:0.025924s ]
INFO: [ view_parse ] --END-- [ RunTime:0.025962s ]
INFO: [ view_filter ] --START--
INFO: Run Behavior\WriteHtmlCacheBehavior [ RunTime:0.000407s ]
INFO: [ view_filter ] --END-- [ RunTime:0.000437s ]
INFO: [ app_end ] --START--
INFO: Run Behavior\ShowPageTraceBehavior [ RunTime:0.000409s ]
INFO: [ app_end ] --END-- [ RunTime:0.000435s ]

[ 2018-09-13T18:18:16+08:00 ] 127.0.0.1 /admin.php/Admin/Index/mainin.html
INFO: [ app_init ] --START--
INFO: Run Behavior\BuildLiteBehavior [ RunTime:0.000011s ]
INFO: [ app_init ] --END-- [ RunTime:0.000362s ]
INFO: [ app_begin ] --START--
INFO: Run Behavior\ReadHtmlCacheBehavior [ RunTime:0.000416s ]
INFO: [ app_begin ] --END-- [ RunTime:0.000454s ]
SQL: SHOW COLUMNS FROM `t_systembonus` [ RunTime:0.0170s ]
SQL: SELECT * FROM `t_systembonus` WHERE `id` = 1 LIMIT 1   [ RunTime:0.0002s ]
SQL: SHOW COLUMNS FROM `t_kzhi` [ RunTime:0.0099s ]
SQL: SELECT * FROM `t_kzhi` WHERE `time` = '2018-09-13' LIMIT 1   [ RunTime:0.0003s ]
INFO: [ view_parse ] --START--
INFO: [ template_filter ] --START--
INFO: Run Behavior\ContentReplaceBehavior [ RunTime:0.000043s ]
INFO: [ template_filter ] --END-- [ RunTime:0.000073s ]
INFO: Run Behavior\ParseTemplateBehavior [ RunTime:0.005046s ]
INFO: [ view_parse ] --END-- [ RunTime:0.005084s ]
INFO: [ view_filter ] --START--
INFO: Run Behavior\WriteHtmlCacheBehavior [ RunTime:0.000304s ]
INFO: [ view_filter ] --END-- [ RunTime:0.000328s ]
INFO: [ app_end ] --START--
INFO: Run Behavior\ShowPageTraceBehavior [ RunTime:0.000400s ]
INFO: [ app_end ] --END-- [ RunTime:0.000422s ]

[ 2018-09-13T20:20:53+08:00 ] 127.0.0.1 /admin.php/Admin/Index/index.html
INFO: [ app_init ] --START--
INFO: Run Behavior\BuildLiteBehavior [ RunTime:0.000008s ]
INFO: [ app_init ] --END-- [ RunTime:0.000415s ]
INFO: [ app_begin ] --START--
INFO: Run Behavior\ReadHtmlCacheBehavior [ RunTime:0.000575s ]
INFO: [ app_begin ] --END-- [ RunTime:0.000620s ]
INFO: [ view_parse ] --START--
INFO: [ template_filter ] --START--
INFO: Run Behavior\ContentReplaceBehavior [ RunTime:0.000096s ]
INFO: [ template_filter ] --END-- [ RunTime:0.000224s ]
NOTIC: [2] Invalid argument supplied for foreach() D:\phpstudy\PHPTutorial\WWW\hong\Admin\Runtime\Cache\Admin\a52f4eada307bc4f391d9be19e0cc6bc.php 第 59 行.
INFO: Run Behavior\ParseTemplateBehavior [ RunTime:0.023990s ]
INFO: [ view_parse ] --END-- [ RunTime:0.024028s ]
INFO: [ view_filter ] --START--
INFO: Run Behavior\WriteHtmlCacheBehavior [ RunTime:0.000478s ]
INFO: [ view_filter ] --END-- [ RunTime:0.000503s ]
INFO: [ app_end ] --START--
INFO: Run Behavior\ShowPageTraceBehavior [ RunTime:0.000622s ]
INFO: [ app_end ] --END-- [ RunTime:0.000648s ]

[ 2018-09-13T20:20:54+08:00 ] 127.0.0.1 /admin.php/Admin/Index/mainin.html
INFO: [ app_init ] --START--
INFO: Run Behavior\BuildLiteBehavior [ RunTime:0.000011s ]
INFO: [ app_init ] --END-- [ RunTime:0.000439s ]
INFO: [ app_begin ] --START--
INFO: Run Behavior\ReadHtmlCacheBehavior [ RunTime:0.000860s ]
INFO: [ app_begin ] --END-- [ RunTime:0.000921s ]
SQL: SHOW COLUMNS FROM `t_systembonus` [ RunTime:0.0114s ]
SQL: SELECT * FROM `t_systembonus` WHERE `id` = 1 LIMIT 1   [ RunTime:0.0002s ]
SQL: SHOW COLUMNS FROM `t_kzhi` [ RunTime:0.0119s ]
SQL: SELECT * FROM `t_kzhi` WHERE `time` = '2018-09-13' LIMIT 1   [ RunTime:0.0002s ]
INFO: [ view_parse ] --START--
INFO: [ template_filter ] --START--
INFO: Run Behavior\ContentReplaceBehavior [ RunTime:0.000035s ]
INFO: [ template_filter ] --END-- [ RunTime:0.000060s ]
INFO: Run Behavior\ParseTemplateBehavior [ RunTime:0.018394s ]
INFO: [ view_parse ] --END-- [ RunTime:0.018433s ]
INFO: [ view_filter ] --START--
INFO: Run Behavior\WriteHtmlCacheBehavior [ RunTime:0.000468s ]
INFO: [ view_filter ] --END-- [ RunTime:0.000492s ]
INFO: [ app_end ] --START--
INFO: Run Behavior\ShowPageTraceBehavior [ RunTime:0.000604s ]
INFO: [ app_end ] --END-- [ RunTime:0.000628s ]

[ 2018-09-13T20:20:55+08:00 ] 127.0.0.1 /admin.php/Admin/Login/logout
INFO: [ app_init ] --START--
INFO: Run Behavior\BuildLiteBehavior [ RunTime:0.000009s ]
INFO: [ app_init ] --END-- [ RunTime:0.000417s ]
INFO: [ app_begin ] --START--
INFO: Run Behavior\ReadHtmlCacheBehavior [ RunTime:0.000563s ]
INFO: [ app_begin ] --END-- [ RunTime:0.000613s ]
NOTIC: [2048] Declaration of Admin\Model\AdminModel::cache() should be compatible with Think\Model::cache($key = true, $expire = NULL, $type = '') D:\phpstudy\PHPTutorial\WWW\hong\Admin\Admin\Model\AdminModel.class.php 第 5 行.
SQL: SHOW COLUMNS FROM `t_admin` [ RunTime:0.0269s ]
INFO: [ view_parse ] --START--
INFO: [ template_filter ] --START--
INFO: Run Behavior\ContentReplaceBehavior [ RunTime:0.000034s ]
INFO: [ template_filter ] --END-- [ RunTime:0.000069s ]
INFO: Run Behavior\ParseTemplateBehavior [ RunTime:0.006680s ]
INFO: [ view_parse ] --END-- [ RunTime:0.006716s ]
INFO: [ view_filter ] --START--
INFO: Run Behavior\WriteHtmlCacheBehavior [ RunTime:0.000522s ]
INFO: [ view_filter ] --END-- [ RunTime:0.000546s ]
INFO: [ app_end ] --START--
INFO: Run Behavior\ShowPageTraceBehavior [ RunTime:0.000590s ]
INFO: [ app_end ] --END-- [ RunTime:0.000614s ]

[ 2018-09-13T20:20:57+08:00 ] 127.0.0.1 /admin.php/Admin/Login/logout
INFO: [ app_init ] --START--
INFO: Run Behavior\BuildLiteBehavior [ RunTime:0.000010s ]
INFO: [ app_init ] --END-- [ RunTime:0.000789s ]
INFO: [ app_begin ] --START--
INFO: Run Behavior\ReadHtmlCacheBehavior [ RunTime:0.000574s ]
INFO: [ app_begin ] --END-- [ RunTime:0.000623s ]
NOTIC: [2048] Declaration of Admin\Model\AdminModel::cache() should be compatible with Think\Model::cache($key = true, $expire = NULL, $type = '') D:\phpstudy\PHPTutorial\WWW\hong\Admin\Admin\Model\AdminModel.class.php 第 5 行.
SQL: SHOW COLUMNS FROM `t_admin` [ RunTime:0.0102s ]
INFO: [ view_parse ] --START--
INFO: [ template_filter ] --START--
INFO: Run Behavior\ContentReplaceBehavior [ RunTime:0.000025s ]
INFO: [ template_filter ] --END-- [ RunTime:0.000054s ]
INFO: Run Behavior\ParseTemplateBehavior [ RunTime:0.005354s ]
INFO: [ view_parse ] --END-- [ RunTime:0.005391s ]
INFO: [ view_filter ] --START--
INFO: Run Behavior\WriteHtmlCacheBehavior [ RunTime:0.000474s ]
INFO: [ view_filter ] --END-- [ RunTime:0.000497s ]
INFO: [ app_end ] --START--
INFO: Run Behavior\ShowPageTraceBehavior [ RunTime:0.000587s ]
INFO: [ app_end ] --END-- [ RunTime:0.000611s ]

[ 2018-09-13T20:20:58+08:00 ] 127.0.0.1 /admin.php/Admin/Login/logout
INFO: [ app_init ] --START--
INFO: Run Behavior\BuildLiteBehavior [ RunTime:0.000009s ]
INFO: [ app_init ] --END-- [ RunTime:0.000380s ]
INFO: [ app_begin ] --START--
INFO: Run Behavior\ReadHtmlCacheBehavior [ RunTime:0.000552s ]
INFO: [ app_begin ] --END-- [ RunTime:0.000584s ]
NOTIC: [2048] Declaration of Admin\Model\AdminModel::cache() should be compatible with Think\Model::cache($key = true, $expire = NULL, $type = '') D:\phpstudy\PHPTutorial\WWW\hong\Admin\Admin\Model\AdminModel.class.php 第 5 行.
SQL: SHOW COLUMNS FROM `t_admin` [ RunTime:0.0087s ]
INFO: [ view_parse ] --START--
INFO: [ template_filter ] --START--
INFO: Run Behavior\ContentReplaceBehavior [ RunTime:0.000041s ]
INFO: [ template_filter ] --END-- [ RunTime:0.000082s ]
INFO: Run Behavior\ParseTemplateBehavior [ RunTime:0.014346s ]
INFO: [ view_parse ] --END-- [ RunTime:0.014381s ]
INFO: [ view_filter ] --START--
INFO: Run Behavior\WriteHtmlCacheBehavior [ RunTime:0.000457s ]
INFO: [ view_filter ] --END-- [ RunTime:0.000478s ]
INFO: [ app_end ] --START--
INFO: Run Behavior\ShowPageTraceBehavior [ RunTime:0.000583s ]
INFO: [ app_end ] --END-- [ RunTime:0.000605s ]

[ 2018-09-13T20:20:59+08:00 ] 127.0.0.1 /admin.php/Admin/Login/logout
INFO: [ app_init ] --START--
INFO: Run Behavior\BuildLiteBehavior [ RunTime:0.000012s ]
INFO: [ app_init ] --END-- [ RunTime:0.000929s ]
INFO: [ app_begin ] --START--
INFO: Run Behavior\ReadHtmlCacheBehavior [ RunTime:0.000651s ]
INFO: [ app_begin ] --END-- [ RunTime:0.000694s ]
NOTIC: [2048] Declaration of Admin\Model\AdminModel::cache() should be compatible with Think\Model::cache($key = true, $expire = NULL, $type = '') D:\phpstudy\PHPTutorial\WWW\hong\Admin\Admin\Model\AdminModel.class.php 第 5 行.
SQL: SHOW COLUMNS FROM `t_admin` [ RunTime:0.0187s ]
INFO: [ view_parse ] --START--
INFO: [ template_filter ] --START--
INFO: Run Behavior\ContentReplaceBehavior [ RunTime:0.000031s ]
INFO: [ template_filter ] --END-- [ RunTime:0.000067s ]
INFO: Run Behavior\ParseTemplateBehavior [ RunTime:0.006419s ]
INFO: [ view_parse ] --END-- [ RunTime:0.006462s ]
INFO: [ view_filter ] --START--
INFO: Run Behavior\WriteHtmlCacheBehavior [ RunTime:0.000526s ]
INFO: [ view_filter ] --END-- [ RunTime:0.000551s ]
INFO: [ app_end ] --START--
INFO: Run Behavior\ShowPageTraceBehavior [ RunTime:0.000677s ]
INFO: [ app_end ] --END-- [ RunTime:0.000705s ]

[ 2018-09-13T20:21:01+08:00 ] 127.0.0.1 /admin.php/Admin/Login/logout
INFO: [ app_init ] --START--
INFO: Run Behavior\BuildLiteBehavior [ RunTime:0.000008s ]
INFO: [ app_init ] --END-- [ RunTime:0.000293s ]
INFO: [ app_begin ] --START--
INFO: Run Behavior\ReadHtmlCacheBehavior [ RunTime:0.000282s ]
INFO: [ app_begin ] --END-- [ RunTime:0.000313s ]
NOTIC: [2048] Declaration of Admin\Model\AdminModel::cache() should be compatible with Think\Model::cache($key = true, $expire = NULL, $type = '') D:\phpstudy\PHPTutorial\WWW\hong\Admin\Admin\Model\AdminModel.class.php 第 5 行.
SQL: SHOW COLUMNS FROM `t_admin` [ RunTime:0.0087s ]
INFO: [ view_parse ] --START--
INFO: [ template_filter ] --START--
INFO: Run Behavior\ContentReplaceBehavior [ RunTime:0.000035s ]
INFO: [ template_filter ] --END-- [ RunTime:0.000072s ]
INFO: Run Behavior\ParseTemplateBehavior [ RunTime:0.010517s ]
INFO: [ view_parse ] --END-- [ RunTime:0.010552s ]
INFO: [ view_filter ] --START--
INFO: Run Behavior\WriteHtmlCacheBehavior [ RunTime:0.000212s ]
INFO: [ view_filter ] --END-- [ RunTime:0.000233s ]
INFO: [ app_end ] --START--
INFO: Run Behavior\ShowPageTraceBehavior [ RunTime:0.000305s ]
INFO: [ app_end ] --END-- [ RunTime:0.000328s ]

[ 2018-09-13T20:21:02+08:00 ] 127.0.0.1 /admin.php/Admin/Login/login.html
INFO: [ app_init ] --START--
INFO: Run Behavior\BuildLiteBehavior [ RunTime:0.000008s ]
INFO: [ app_init ] --END-- [ RunTime:0.000221s ]
INFO: [ app_begin ] --START--
INFO: Run Behavior\ReadHtmlCacheBehavior [ RunTime:0.000254s ]
INFO: [ app_begin ] --END-- [ RunTime:0.000283s ]
INFO: [ view_parse ] --START--
INFO: [ template_filter ] --START--
INFO: Run Behavior\ContentReplaceBehavior [ RunTime:0.000029s ]
INFO: [ template_filter ] --END-- [ RunTime:0.000057s ]
INFO: Run Behavior\ParseTemplateBehavior [ RunTime:0.003478s ]
INFO: [ view_parse ] --END-- [ RunTime:0.003508s ]
INFO: [ view_filter ] --START--
INFO: Run Behavior\WriteHtmlCacheBehavior [ RunTime:0.000139s ]
INFO: [ view_filter ] --END-- [ RunTime:0.000159s ]
INFO: [ app_end ] --START--
INFO: Run Behavior\ShowPageTraceBehavior [ RunTime:0.000253s ]
INFO: [ app_end ] --END-- [ RunTime:0.000278s ]

[ 2018-09-13T20:21:02+08:00 ] 127.0.0.1 /admin.php/Admin/Login/code
INFO: [ app_init ] --START--
INFO: Run Behavior\BuildLiteBehavior [ RunTime:0.000008s ]
INFO: [ app_init ] --END-- [ RunTime:0.000232s ]
INFO: [ app_begin ] --START--
INFO: Run Behavior\ReadHtmlCacheBehavior [ RunTime:0.000275s ]
INFO: [ app_begin ] --END-- [ RunTime:0.000307s ]
INFO: [ app_end ] --START--
INFO: Run Behavior\ShowPageTraceBehavior [ RunTime:0.000413s ]
INFO: [ app_end ] --END-- [ RunTime:0.000459s ]

[ 2018-09-13T20:21:10+08:00 ] 127.0.0.1 /admin.php/Admin/Login/login.html
INFO: [ app_init ] --START--
INFO: Run Behavior\BuildLiteBehavior [ RunTime:0.000023s ]
INFO: [ app_init ] --END-- [ RunTime:0.000380s ]
INFO: [ app_begin ] --START--
INFO: Run Behavior\ReadHtmlCacheBehavior [ RunTime:0.000428s ]
INFO: [ app_begin ] --END-- [ RunTime:0.000492s ]
NOTIC: [2048] Declaration of Admin\Model\AdminModel::cache() should be compatible with Think\Model::cache($key = true, $expire = NULL, $type = '') D:\phpstudy\PHPTutorial\WWW\hong\Admin\Admin\Model\AdminModel.class.php 第 5 行.
SQL: SHOW COLUMNS FROM `t_admin` [ RunTime:0.0089s ]
NOTIC: [8] Undefined index: validate D:\phpstudy\PHPTutorial\WWW\hong\PHP\Library\Think\Model.class.php 第 1185 行.
NOTIC: [8] Undefined index: auto D:\phpstudy\PHPTutorial\WWW\hong\PHP\Library\Think\Model.class.php 第 1128 行.
SQL: SELECT * FROM `t_admin` WHERE ( username='admin' ) LIMIT 1   [ RunTime:0.0003s ]
SQL: SHOW COLUMNS FROM `t_role` [ RunTime:0.0088s ]
SQL: SELECT `pri_id_list` FROM `t_role` WHERE `id` = 1 LIMIT 1   [ RunTime:0.0002s ]
SQL: SHOW COLUMNS FROM `t_privilege` [ RunTime:0.0081s ]
SQL: SELECT * FROM `t_privilege` WHERE ( parent_id=0 )  [ RunTime:0.0003s ]
SQL: SELECT * FROM `t_privilege` WHERE ( parent_id=1 )  [ RunTime:0.0002s ]
SQL: SELECT * FROM `t_privilege` WHERE ( parent_id=12 )  [ RunTime:0.0001s ]
SQL: SELECT * FROM `t_privilege` WHERE ( parent_id=19 )  [ RunTime:0.0001s ]
SQL: SELECT * FROM `t_privilege` WHERE ( parent_id=30 )  [ RunTime:0.0001s ]
SQL: SELECT * FROM `t_privilege` WHERE ( parent_id=59 )  [ RunTime:0.0001s ]
SQL: SELECT * FROM `t_privilege` WHERE ( parent_id=80 )  [ RunTime:0.0001s ]
INFO: [ view_parse ] --START--
INFO: [ template_filter ] --START--
INFO: Run Behavior\ContentReplaceBehavior [ RunTime:0.000028s ]
INFO: [ template_filter ] --END-- [ RunTime:0.000058s ]
INFO: Run Behavior\ParseTemplateBehavior [ RunTime:0.004392s ]
INFO: [ view_parse ] --END-- [ RunTime:0.004426s ]
INFO: [ view_filter ] --START--
INFO: Run Behavior\WriteHtmlCacheBehavior [ RunTime:0.000265s ]
INFO: [ view_filter ] --END-- [ RunTime:0.000286s ]

[ 2018-09-13T20:21:11+08:00 ] 127.0.0.1 /admin.php/Admin/Index/index.html
INFO: [ app_init ] --START--
INFO: Run Behavior\BuildLiteBehavior [ RunTime:0.000010s ]
INFO: [ app_init ] --END-- [ RunTime:0.000325s ]
INFO: [ app_begin ] --START--
INFO: Run Behavior\ReadHtmlCacheBehavior [ RunTime:0.000378s ]
INFO: [ app_begin ] --END-- [ RunTime:0.000411s ]
INFO: [ view_parse ] --START--
INFO: [ template_filter ] --START--
INFO: Run Behavior\ContentReplaceBehavior [ RunTime:0.000031s ]
INFO: [ template_filter ] --END-- [ RunTime:0.000069s ]
INFO: Run Behavior\ParseTemplateBehavior [ RunTime:0.006017s ]
INFO: [ view_parse ] --END-- [ RunTime:0.006065s ]
INFO: [ view_filter ] --START--
INFO: Run Behavior\WriteHtmlCacheBehavior [ RunTime:0.000249s ]
INFO: [ view_filter ] --END-- [ RunTime:0.000272s ]
INFO: [ app_end ] --START--
INFO: Run Behavior\ShowPageTraceBehavior [ RunTime:0.000355s ]
INFO: [ app_end ] --END-- [ RunTime:0.000379s ]

[ 2018-09-13T20:21:13+08:00 ] 127.0.0.1 /admin.php/Admin/Index/mainin.html
INFO: [ app_init ] --START--
INFO: Run Behavior\BuildLiteBehavior [ RunTime:0.000010s ]
INFO: [ app_init ] --END-- [ RunTime:0.000300s ]
INFO: [ app_begin ] --START--
INFO: Run Behavior\ReadHtmlCacheBehavior [ RunTime:0.000535s ]
INFO: [ app_begin ] --END-- [ RunTime:0.000674s ]
SQL: SHOW COLUMNS FROM `t_systembonus` [ RunTime:0.0126s ]
SQL: SELECT * FROM `t_systembonus` WHERE `id` = 1 LIMIT 1   [ RunTime:0.0002s ]
SQL: SHOW COLUMNS FROM `t_kzhi` [ RunTime:0.0056s ]
SQL: SELECT * FROM `t_kzhi` WHERE `time` = '2018-09-13' LIMIT 1   [ RunTime:0.0002s ]
INFO: [ view_parse ] --START--
INFO: [ template_filter ] --START--
INFO: Run Behavior\ContentReplaceBehavior [ RunTime:0.000038s ]
INFO: [ template_filter ] --END-- [ RunTime:0.000068s ]
INFO: Run Behavior\ParseTemplateBehavior [ RunTime:0.004687s ]
INFO: [ view_parse ] --END-- [ RunTime:0.004723s ]
INFO: [ view_filter ] --START--
INFO: Run Behavior\WriteHtmlCacheBehavior [ RunTime:0.000242s ]
INFO: [ view_filter ] --END-- [ RunTime:0.000264s ]
INFO: [ app_end ] --START--
INFO: Run Behavior\ShowPageTraceBehavior [ RunTime:0.000389s ]
INFO: [ app_end ] --END-- [ RunTime:0.000415s ]

[ 2018-09-13T20:21:18+08:00 ] 127.0.0.1 /admin.php/Admin/Member/accountlist.html
INFO: [ app_init ] --START--
INFO: Run Behavior\BuildLiteBehavior [ RunTime:0.000008s ]
INFO: [ app_init ] --END-- [ RunTime:0.000262s ]
INFO: [ app_begin ] --START--
INFO: Run Behavior\ReadHtmlCacheBehavior [ RunTime:0.000343s ]
INFO: [ app_begin ] --END-- [ RunTime:0.000374s ]
SQL: SHOW COLUMNS FROM `t_userrecord` [ RunTime:0.0221s ]
NOTIC: [2] Missing argument 1 for Think\Model::where(), called in D:\phpstudy\PHPTutorial\WWW\hong\Admin\Admin\Controller\MemberController.class.php on line 862 and defined D:\phpstudy\PHPTutorial\WWW\hong\PHP\Library\Think\Model.class.php 第 1797 行.
NOTIC: [8] Undefined variable: where D:\phpstudy\PHPTutorial\WWW\hong\PHP\Library\Think\Model.class.php 第 1805 行.
NOTIC: [8] Undefined variable: where D:\phpstudy\PHPTutorial\WWW\hong\PHP\Library\Think\Model.class.php 第 1808 行.
NOTIC: [8] Undefined variable: where D:\phpstudy\PHPTutorial\WWW\hong\PHP\Library\Think\Model.class.php 第 1816 行.
SQL: SELECT COUNT(*) AS tp_count FROM `t_userrecord` LIMIT 1   [ RunTime:0.0002s ]
NOTIC: [2] Missing argument 1 for Think\Model::where(), called in D:\phpstudy\PHPTutorial\WWW\hong\Admin\Admin\Controller\MemberController.class.php on line 865 and defined D:\phpstudy\PHPTutorial\WWW\hong\PHP\Library\Think\Model.class.php 第 1797 行.
NOTIC: [8] Undefined variable: where D:\phpstudy\PHPTutorial\WWW\hong\PHP\Library\Think\Model.class.php 第 1805 行.
NOTIC: [8] Undefined variable: where D:\phpstudy\PHPTutorial\WWW\hong\PHP\Library\Think\Model.class.php 第 1808 行.
NOTIC: [8] Undefined variable: where D:\phpstudy\PHPTutorial\WWW\hong\PHP\Library\Think\Model.class.php 第 1816 行.
SQL: SELECT * FROM `t_userrecord` ORDER BY id desc LIMIT 0,25   [ RunTime:0.0004s ]
INFO: [ view_parse ] --START--
INFO: [ template_filter ] --START--
INFO: Run Behavior\ContentReplaceBehavior [ RunTime:0.000033s ]
INFO: [ template_filter ] --END-- [ RunTime:0.000063s ]
INFO: Run Behavior\ParseTemplateBehavior [ RunTime:0.040830s ]
INFO: [ view_parse ] --END-- [ RunTime:0.040868s ]
INFO: [ view_filter ] --START--
INFO: Run Behavior\WriteHtmlCacheBehavior [ RunTime:0.000259s ]
INFO: [ view_filter ] --END-- [ RunTime:0.000281s ]
INFO: [ app_end ] --START--
INFO: Run Behavior\ShowPageTraceBehavior [ RunTime:0.000366s ]
INFO: [ app_end ] --END-- [ RunTime:0.000392s ]

[ 2018-09-13T20:21:29+08:00 ] 127.0.0.1 /admin.php/Admin/Member/accountlist.html
INFO: [ app_init ] --START--
INFO: Run Behavior\BuildLiteBehavior [ RunTime:0.000007s ]
INFO: [ app_init ] --END-- [ RunTime:0.000204s ]
INFO: [ app_begin ] --START--
INFO: Run Behavior\ReadHtmlCacheBehavior [ RunTime:0.000249s ]
INFO: [ app_begin ] --END-- [ RunTime:0.000279s ]
SQL: SHOW COLUMNS FROM `t_userrecord` [ RunTime:0.0082s ]
NOTIC: [2] Missing argument 1 for Think\Model::where(), called in D:\phpstudy\PHPTutorial\WWW\hong\Admin\Admin\Controller\MemberController.class.php on line 862 and defined D:\phpstudy\PHPTutorial\WWW\hong\PHP\Library\Think\Model.class.php 第 1797 行.
NOTIC: [8] Undefined variable: where D:\phpstudy\PHPTutorial\WWW\hong\PHP\Library\Think\Model.class.php 第 1805 行.
NOTIC: [8] Undefined variable: where D:\phpstudy\PHPTutorial\WWW\hong\PHP\Library\Think\Model.class.php 第 1808 行.
NOTIC: [8] Undefined variable: where D:\phpstudy\PHPTutorial\WWW\hong\PHP\Library\Think\Model.class.php 第 1816 行.
SQL: SELECT COUNT(*) AS tp_count FROM `t_userrecord` LIMIT 1   [ RunTime:0.0002s ]
NOTIC: [2] Missing argument 1 for Think\Model::where(), called in D:\phpstudy\PHPTutorial\WWW\hong\Admin\Admin\Controller\MemberController.class.php on line 865 and defined D:\phpstudy\PHPTutorial\WWW\hong\PHP\Library\Think\Model.class.php 第 1797 行.
NOTIC: [8] Undefined variable: where D:\phpstudy\PHPTutorial\WWW\hong\PHP\Library\Think\Model.class.php 第 1805 行.
NOTIC: [8] Undefined variable: where D:\phpstudy\PHPTutorial\WWW\hong\PHP\Library\Think\Model.class.php 第 1808 行.
NOTIC: [8] Undefined variable: where D:\phpstudy\PHPTutorial\WWW\hong\PHP\Library\Think\Model.class.php 第 1816 行.
SQL: SELECT * FROM `t_userrecord` ORDER BY id desc LIMIT 0,25   [ RunTime:0.0004s ]
INFO: [ view_parse ] --START--
INFO: [ template_filter ] --START--
INFO: Run Behavior\ContentReplaceBehavior [ RunTime:0.000034s ]
INFO: [ template_filter ] --END-- [ RunTime:0.000066s ]
INFO: Run Behavior\ParseTemplateBehavior [ RunTime:0.018560s ]
INFO: [ view_parse ] --END-- [ RunTime:0.018606s ]
INFO: [ view_filter ] --START--
INFO: Run Behavior\WriteHtmlCacheBehavior [ RunTime:0.000162s ]
INFO: [ view_filter ] --END-- [ RunTime:0.000185s ]
INFO: [ app_end ] --START--
INFO: Run Behavior\ShowPageTraceBehavior [ RunTime:0.000273s ]
INFO: [ app_end ] --END-- [ RunTime:0.000303s ]

[ 2018-09-13T20:21:36+08:00 ] 127.0.0.1 /admin.php/Admin/Member/taskcenter.html
INFO: [ app_init ] --START--
INFO: Run Behavior\BuildLiteBehavior [ RunTime:0.000007s ]
INFO: [ app_init ] --END-- [ RunTime:0.000209s ]
INFO: [ app_begin ] --START--
INFO: Run Behavior\ReadHtmlCacheBehavior [ RunTime:0.000573s ]
INFO: [ app_begin ] --END-- [ RunTime:0.000660s ]
NOTIC: [2048] Declaration of Admin\Model\CenterModel::_before_insert() should be compatible with Think\Model::_before_insert(&$data, $options) D:\phpstudy\PHPTutorial\WWW\hong\Admin\Admin\Model\CenterModel.class.php 第 7 行.
NOTIC: [2048] Declaration of Admin\Model\CenterModel::_before_update() should be compatible with Think\Model::_before_update(&$data, $options) D:\phpstudy\PHPTutorial\WWW\hong\Admin\Admin\Model\CenterModel.class.php 第 7 行.
SQL: SHOW COLUMNS FROM `t_center` [ RunTime:0.0195s ]
NOTIC: [2] Invalid argument supplied for foreach() D:\phpstudy\PHPTutorial\WWW\hong\PHP\Library\Think\Db\Driver.class.php 第 504 行.
SQL: SELECT COUNT(*) AS tp_count FROM `t_center` LIMIT 1   [ RunTime:0.0003s ]
NOTIC: [2] Invalid argument supplied for foreach() D:\phpstudy\PHPTutorial\WWW\hong\PHP\Library\Think\Db\Driver.class.php 第 504 行.
SQL: SELECT * FROM `t_center` ORDER BY id ASC LIMIT 0,10   [ RunTime:0.0002s ]
INFO: [ view_parse ] --START--
INFO: [ template_filter ] --START--
INFO: Run Behavior\ContentReplaceBehavior [ RunTime:0.000039s ]
INFO: [ template_filter ] --END-- [ RunTime:0.000070s ]
INFO: Run Behavior\ParseTemplateBehavior [ RunTime:0.033444s ]
INFO: [ view_parse ] --END-- [ RunTime:0.033488s ]
INFO: [ view_filter ] --START--
INFO: Run Behavior\WriteHtmlCacheBehavior [ RunTime:0.000189s ]
INFO: [ view_filter ] --END-- [ RunTime:0.000211s ]
INFO: [ app_end ] --START--
INFO: Run Behavior\ShowPageTraceBehavior [ RunTime:0.000265s ]
INFO: [ app_end ] --END-- [ RunTime:0.000288s ]

